Using pre-set license
Built from '2020.3/release' branch; Version is '2020.3.12f1 (b3b2c6512326) revision 11776710'; Using compiler version '192528614'; Build Type 'Release'
OS: 'Windows 10 Education; OS build 19042.1052; Version 2009; 64bit' Language: 'ru' Physical Memory: 16259 MB
BatchMode: 1, IsHumanControllingUs: 0, StartBugReporterOnCrash: 0, Is64bit: 1, IsPro: 0

 COMMAND LINE ARGUMENTS:
G:\uniti\2020.3.12f1\Editor\Unity.exe
-adb2
-batchMode
-noUpm
-name
AssetImportWorker0
-projectPath
G:/uniti/Red Car Game
-logFile
Logs/AssetImportWorker0.log
-srvPort
60866
Successfully changed project path to: G:/uniti/Red Car Game
G:/uniti/Red Car Game
Using Asset Import Pipeline V2.
Refreshing native plugins compatible for Editor in 26.88 ms, found 2 plugins.
Preloading 0 native plugins for Editor in 0.00 ms.
Initialize engine version: 2020.3.12f1 (b3b2c6512326)
[Subsystems] Discovering subsystems at path G:/uniti/2020.3.12f1/Editor/Data/Resources/UnitySubsystems
[Subsystems] Discovering subsystems at path G:/uniti/Red Car Game/Assets
GfxDevice: creating device client; threaded=0
Direct3D:
    Version:  Direct3D 11.0 [level 11.1]
    Renderer: Intel(R) UHD Graphics 630 (ID=0x3e92)
    Vendor:   
    VRAM:     8129 MB
    Driver:   26.20.100.7642
Initialize mono
Mono path[0] = 'G:/uniti/2020.3.12f1/Editor/Data/Managed'
Mono path[1] = 'G:/uniti/2020.3.12f1/Editor/Data/MonoBleedingEdge/lib/mono/unityjit'
Mono config path = 'G:/uniti/2020.3.12f1/Editor/Data/MonoBleedingEdge/etc'
Using monoOptions --debugger-agent=transport=dt_socket,embedding=1,server=y,suspend=n,address=127.0.0.1:56940
Begin MonoManager ReloadAssembly
Registering precompiled unity dll's ...
Register platform support module: G:/uniti/2020.3.12f1/Editor/Data/PlaybackEngines/WindowsStandaloneSupport/UnityEditor.WindowsStandalone.Extensions.dll
Registered in 0.000798 seconds.
Native extension for WindowsStandalone target not found
Refreshing native plugins compatible for Editor in 26.55 ms, found 2 plugins.
Preloading 0 native plugins for Editor in 0.00 ms.
Mono: successfully reloaded assembly
- Completed reload, in  0.685 seconds
Platform modules already initialized, skipping
Registering precompiled user dll's ...
Registered in 0.001841 seconds.
Begin MonoManager ReloadAssembly
Native extension for WindowsStandalone target not found
Refreshing native plugins compatible for Editor in 0.32 ms, found 2 plugins.
Preloading 0 native plugins for Editor in 0.00 ms.
Mono: successfully reloaded assembly
- Completed reload, in  0.924 seconds
Platform modules already initialized, skipping
========================================================================
Worker process is ready to serve import requests
Launched and connected shader compiler UnityShaderCompiler.exe after 0.06 seconds
Refreshing native plugins compatible for Editor in 0.35 ms, found 2 plugins.
Preloading 0 native plugins for Editor in 0.00 ms.
Unloading 1536 Unused Serialized files (Serialized files now loaded: 0)
System memory in use before: 87.5 MB.
System memory in use after: 87.5 MB.

Unloading 20 unused Assets to reduce memory usage. Loaded Objects now: 2007.
Total: 2.227000 ms (FindLiveObjects: 0.174000 ms CreateObjectMapping: 0.061100 ms MarkObjects: 1.864300 ms  DeleteObjects: 0.126300 ms)

AssetImportParameters requested are different than current active one (requested -> active):
  custom:framework-win-MediaFoundation: 216162199b28c13a410421893ffa2e32 -> 
  custom:video-decoder-ogg-theora: a1e56fd34408186e4bbccfd4996cb3dc -> 
  custom:container-muxer-webm: aa71ff27fc2769a1b78a27578f13a17b -> 
  custom:container-demuxer-webm: 4f35f7cbe854078d1ac9338744f61a02 -> 
  custom:container-demuxer-ogg: 62fdf1f143b41e24485cea50d1cbac27 -> 
  custom:video-encoder-webm-vp8: eb34c28f22e8b96e1ab97ce403110664 -> 
  custom:video-decoder-webm-vp8: 9c59270c3fd7afecdb556c50c9e8de78 -> 
  custom:audio-decoder-ogg-vorbis: bf7c407c2cedff20999df2af8eb42d56 -> 
  custom:audio-encoder-webm-vorbis: bf7c407c2cedff20999df2af8eb42d56 -> 
========================================================================
Received Import Request.
  path: Assets/New Terrain.asset
  artifactKey: Guid(d1d99c3565f2236498efbb2b285a07a1) Importer(815301076,1909f56bfc062723c751e8b465ee728b)
Start importing Assets/New Terrain.asset using Guid(d1d99c3565f2236498efbb2b285a07a1) Importer(815301076,1909f56bfc062723c751e8b465ee728b)  -> (artifact id: '7aeb07df2adb4fcfa7b4c98f0e53ccc6') in 0.058741 seconds 
  Import took 0.061617 seconds .

========================================================================
Received Import Request.
  Time since last request: 0.000342 seconds.
  path: Assets/New Terrain 1.asset
  artifactKey: Guid(703af11deab67d842bafc38260cd8029) Importer(815301076,1909f56bfc062723c751e8b465ee728b)
Start importing Assets/New Terrain 1.asset using Guid(703af11deab67d842bafc38260cd8029) Importer(815301076,1909f56bfc062723c751e8b465ee728b)  -> (artifact id: 'd15871abfd27688361ba3aeb0e8d297f') in 0.011820 seconds 
  Import took 0.014537 seconds .

========================================================================
Received Import Request.
  Time since last request: 40.530059 seconds.
  path: Assets/MyAsset/Prefabs/Background-Prefab.prefab
  artifactKey: Guid(a6d3309717d1d374d9c671ecd0f4bb66) Importer(815301076,1909f56bfc062723c751e8b465ee728b)
Start importing Assets/MyAsset/Prefabs/Background-Prefab.prefab using Guid(a6d3309717d1d374d9c671ecd0f4bb66) Importer(815301076,1909f56bfc062723c751e8b465ee728b)  -> (artifact id: '11de0622b9855a1a77b00a07e0cbeb89') in 0.062575 seconds 
  Import took 0.065425 seconds .

========================================================================
Received Import Request.
  Time since last request: 0.000261 seconds.
  path: Assets/MyAsset/Prefabs/Castle_prefab.prefab
  artifactKey: Guid(59d4f83a32f984a40a3ef38a00f3ae92) Importer(815301076,1909f56bfc062723c751e8b465ee728b)
Start importing Assets/MyAsset/Prefabs/Castle_prefab.prefab using Guid(59d4f83a32f984a40a3ef38a00f3ae92) Importer(815301076,1909f56bfc062723c751e8b465ee728b)  -> (artifact id: '3510a943505718d09de355392880d474') in 0.021154 seconds 
  Import took 0.024336 seconds .

========================================================================
Received Import Request.
  Time since last request: 0.000377 seconds.
  path: Assets/MyAsset/Prefabs/WateringCan-Prefab.prefab
  artifactKey: Guid(3257b31b222fd654ba05800de28c8080) Importer(815301076,1909f56bfc062723c751e8b465ee728b)
Start importing Assets/MyAsset/Prefabs/WateringCan-Prefab.prefab using Guid(3257b31b222fd654ba05800de28c8080) Importer(815301076,1909f56bfc062723c751e8b465ee728b)  -> (artifact id: '517eadec51589d83104e999324e98749') in 0.013665 seconds 
  Import took 0.017146 seconds .

========================================================================
Received Import Request.
  Time since last request: 0.000332 seconds.
  path: Assets/MyAsset/Prefabs/Bucket-Prefab.prefab
  artifactKey: Guid(b77635d6e94abb1489e25730bfebd741) Importer(815301076,1909f56bfc062723c751e8b465ee728b)
Start importing Assets/MyAsset/Prefabs/Bucket-Prefab.prefab using Guid(b77635d6e94abb1489e25730bfebd741) Importer(815301076,1909f56bfc062723c751e8b465ee728b)  -> (artifact id: '2c2c68650493c8fac7a351e4c7750124') in 0.015416 seconds 
  Import took 0.019474 seconds .

========================================================================
Received Import Request.
  Time since last request: 0.000351 seconds.
  path: Assets/MyAsset/Prefabs/Canon-prefab.prefab
  artifactKey: Guid(f4b393b54b640044289a3b2ac970b636) Importer(815301076,1909f56bfc062723c751e8b465ee728b)
Start importing Assets/MyAsset/Prefabs/Canon-prefab.prefab using Guid(f4b393b54b640044289a3b2ac970b636) Importer(815301076,1909f56bfc062723c751e8b465ee728b)  -> (artifact id: '294bbe8dc9509ea44493661fcebcf86f') in 0.016222 seconds 
  Import took 0.018990 seconds .

========================================================================
Received Import Request.
  Time since last request: 0.000279 seconds.
  path: Assets/MyAsset/Prefabs/EasterCakes-prefab.prefab
  artifactKey: Guid(1d3a38bddc519a14fa2c78e67afda7d7) Importer(815301076,1909f56bfc062723c751e8b465ee728b)
Start importing Assets/MyAsset/Prefabs/EasterCakes-prefab.prefab using Guid(1d3a38bddc519a14fa2c78e67afda7d7) Importer(815301076,1909f56bfc062723c751e8b465ee728b)  -> (artifact id: '41e4b38ad5f3f0c9ae32e7f99eb5565f') in 0.015891 seconds 
  Import took 0.019092 seconds .

========================================================================
Received Import Request.
  Time since last request: 0.000243 seconds.
  path: Assets/MyAsset/Prefabs/Excavator-Prefab.prefab
  artifactKey: Guid(4792ba32260c4f647846c94ebf6315de) Importer(815301076,1909f56bfc062723c751e8b465ee728b)
Start importing Assets/MyAsset/Prefabs/Excavator-Prefab.prefab using Guid(4792ba32260c4f647846c94ebf6315de) Importer(815301076,1909f56bfc062723c751e8b465ee728b)  -> (artifact id: '3d6d14c75bc9d6f7b832cb1e0d587c42') in 0.016127 seconds 
  Import took 0.019051 seconds .

========================================================================
Received Import Request.
  Time since last request: 0.000236 seconds.
  path: Assets/MyAsset/Prefabs/Heal-Prefab.prefab
  artifactKey: Guid(1ee834935943def4d8bddf4041fb4780) Importer(815301076,1909f56bfc062723c751e8b465ee728b)
Start importing Assets/MyAsset/Prefabs/Heal-Prefab.prefab using Guid(1ee834935943def4d8bddf4041fb4780) Importer(815301076,1909f56bfc062723c751e8b465ee728b)  -> (artifact id: 'fe8502c0f0ce5606066fc7cf5c297dee') in 0.012793 seconds 
  Import took 0.017274 seconds .

========================================================================
Received Import Request.
  Time since last request: 0.000312 seconds.
  path: Assets/MyAsset/Prefabs/Red_Car-Prefab.prefab
  artifactKey: Guid(f12dd7c351efada43b6bb7896b56f89a) Importer(815301076,1909f56bfc062723c751e8b465ee728b)
Start importing Assets/MyAsset/Prefabs/Red_Car-Prefab.prefab using Guid(f12dd7c351efada43b6bb7896b56f89a) Importer(815301076,1909f56bfc062723c751e8b465ee728b)  -> (artifact id: 'ae8474e28336dbd530c1adb182ec0a74') in 0.016684 seconds 
  Import took 0.020284 seconds .

========================================================================
Received Import Request.
  Time since last request: 0.000169 seconds.
  path: Assets/MyAsset/Prefabs/EasterCakes_min-Prefab Variant.prefab
  artifactKey: Guid(d9c4b4179dc3825429d5d9cf69f17d7b) Importer(815301076,1909f56bfc062723c751e8b465ee728b)
Start importing Assets/MyAsset/Prefabs/EasterCakes_min-Prefab Variant.prefab using Guid(d9c4b4179dc3825429d5d9cf69f17d7b) Importer(815301076,1909f56bfc062723c751e8b465ee728b)  -> (artifact id: '0e0fc55d5a10703c8b54d3d3bedb4d94') in 0.015194 seconds 
  Import took 0.018324 seconds .

========================================================================
Received Import Request.
  Time since last request: 0.000182 seconds.
  path: Assets/MyAsset/Prefabs/Blue_Car-Prefab Variant.prefab
  artifactKey: Guid(3738595d995fe5740925a590b595e1be) Importer(815301076,1909f56bfc062723c751e8b465ee728b)
Start importing Assets/MyAsset/Prefabs/Blue_Car-Prefab Variant.prefab using Guid(3738595d995fe5740925a590b595e1be) Importer(815301076,1909f56bfc062723c751e8b465ee728b)  -> (artifact id: '78ae61e88aa8500a37d2efc05377c276') in 0.018594 seconds 
  Import took 0.021847 seconds .

========================================================================
Received Import Request.
  Time since last request: 0.000212 seconds.
  path: Assets/MyAsset/Prefabs/Truck-Prefab.prefab
  artifactKey: Guid(360f6b03eb66a174bac4842c06ad301c) Importer(815301076,1909f56bfc062723c751e8b465ee728b)
Start importing Assets/MyAsset/Prefabs/Truck-Prefab.prefab using Guid(360f6b03eb66a174bac4842c06ad301c) Importer(815301076,1909f56bfc062723c751e8b465ee728b)  -> (artifact id: '6eb4b43d04df5fa8252015e18bdbc4bb') in 0.030762 seconds 
  Import took 0.034107 seconds .

========================================================================
Received Import Request.
  Time since last request: 0.000171 seconds.
  path: Assets/MyAsset/Prefabs/Blue_Car-Prefab Variant.prefab
  artifactKey: Guid(3738595d995fe5740925a590b595e1be) Importer(815301076,1909f56bfc062723c751e8b465ee728b)
Start importing Assets/MyAsset/Prefabs/Blue_Car-Prefab Variant.prefab using Guid(3738595d995fe5740925a590b595e1be) Importer(815301076,1909f56bfc062723c751e8b465ee728b)  -> (artifact id: '78ae61e88aa8500a37d2efc05377c276') in 0.027416 seconds 
  Import took 0.030040 seconds .

========================================================================
Received Import Request.
  Time since last request: 0.000223 seconds.
  path: Assets/MyAsset/Prefabs/EasterCakes_max-Prefab Variant.prefab
  artifactKey: Guid(90d520a237498ef47838344d7edd1e61) Importer(815301076,1909f56bfc062723c751e8b465ee728b)
Start importing Assets/MyAsset/Prefabs/EasterCakes_max-Prefab Variant.prefab using Guid(90d520a237498ef47838344d7edd1e61) Importer(815301076,1909f56bfc062723c751e8b465ee728b)  -> (artifact id: '9aa0f859f192475c5ca11a90efbdc831') in 0.015458 seconds 
  Import took 0.017927 seconds .

========================================================================
Received Import Request.
  Time since last request: 0.000258 seconds.
  path: Assets/MyAsset/Prefabs/PlayerCar Variant.prefab
  artifactKey: Guid(73db1131f79675f45bbb9068c1c949c3) Importer(815301076,1909f56bfc062723c751e8b465ee728b)
Start importing Assets/MyAsset/Prefabs/PlayerCar Variant.prefab using Guid(73db1131f79675f45bbb9068c1c949c3) Importer(815301076,1909f56bfc062723c751e8b465ee728b)  -> (artifact id: '583021559a53c070ffdcb99f77295ca7') in 0.017837 seconds 
  Import took 0.021274 seconds .

========================================================================
Received Import Request.
  Time since last request: 0.000177 seconds.
  path: Assets/MyAsset/Prefabs/Bulldozer-prefab.prefab
  artifactKey: Guid(50e2c8a99c37b0e4399b81ba0b31cc1f) Importer(815301076,1909f56bfc062723c751e8b465ee728b)
Start importing Assets/MyAsset/Prefabs/Bulldozer-prefab.prefab using Guid(50e2c8a99c37b0e4399b81ba0b31cc1f) Importer(815301076,1909f56bfc062723c751e8b465ee728b)  -> (artifact id: 'ceb56e4d970116fb97fa26439d0fcd7b') in 0.015737 seconds 
  Import took 0.018977 seconds .

========================================================================
Received Import Request.
  Time since last request: 0.000219 seconds.
  path: Assets/MyAsset/Prefabs/Level-Prefab.prefab
  artifactKey: Guid(15ba88e7f534a2942b8a240628d524a2) Importer(815301076,1909f56bfc062723c751e8b465ee728b)
Start importing Assets/MyAsset/Prefabs/Level-Prefab.prefab using Guid(15ba88e7f534a2942b8a240628d524a2) Importer(815301076,1909f56bfc062723c751e8b465ee728b)  -> (artifact id: '2a3489fb6ef102bbfffe21d91e40faba') in 0.034542 seconds 
  Import took 0.038583 seconds .

========================================================================
Received Import Request.
  Time since last request: 0.000175 seconds.
  path: Assets/MyAsset/Prefabs/Bulldozer-prefab.prefab
  artifactKey: Guid(50e2c8a99c37b0e4399b81ba0b31cc1f) Importer(815301076,1909f56bfc062723c751e8b465ee728b)
Start importing Assets/MyAsset/Prefabs/Bulldozer-prefab.prefab using Guid(50e2c8a99c37b0e4399b81ba0b31cc1f) Importer(815301076,1909f56bfc062723c751e8b465ee728b)  -> (artifact id: 'ceb56e4d970116fb97fa26439d0fcd7b') in 0.014968 seconds 
  Import took 0.017551 seconds .

========================================================================
Received Import Request.
  Time since last request: 24.729997 seconds.
  path: Assets/MyAsset/Prefabs/Bulldozer-prefab.prefab
  artifactKey: Guid(50e2c8a99c37b0e4399b81ba0b31cc1f) Importer(815301076,1909f56bfc062723c751e8b465ee728b)
Start importing Assets/MyAsset/Prefabs/Bulldozer-prefab.prefab using Guid(50e2c8a99c37b0e4399b81ba0b31cc1f) Importer(815301076,1909f56bfc062723c751e8b465ee728b)  -> (artifact id: '9644d8c0af7ee57638a5377ae2c5180d') in 0.008972 seconds 
  Import took 0.011887 seconds .

========================================================================
Received Import Request.
  Time since last request: 1428.814539 seconds.
  path: Assets/MyAsset/Materials/heal/heal_plus.mat
  artifactKey: Guid(ec19cc2210ac8ed4bbc7cfb9632a0ac1) Importer(815301076,1909f56bfc062723c751e8b465ee728b)
Start importing Assets/MyAsset/Materials/heal/heal_plus.mat using Guid(ec19cc2210ac8ed4bbc7cfb9632a0ac1) Importer(815301076,1909f56bfc062723c751e8b465ee728b)  -> (artifact id: '5f2136571065de4cbc6b9f87cce399bc') in 0.026125 seconds 
  Import took 0.029190 seconds .

========================================================================
Received Import Request.
  Time since last request: 0.000235 seconds.
  path: Assets/MyAsset/Materials/heal/heal_sphere.mat
  artifactKey: Guid(e99a1ba8e79f4c744aa80d8279c47e33) Importer(815301076,1909f56bfc062723c751e8b465ee728b)
Start importing Assets/MyAsset/Materials/heal/heal_sphere.mat using Guid(e99a1ba8e79f4c744aa80d8279c47e33) Importer(815301076,1909f56bfc062723c751e8b465ee728b)  -> (artifact id: 'b003ed5632b17bfe378d2db4d2a42d88') in 0.009839 seconds 
  Import took 0.011957 seconds .

========================================================================
Received Import Request.
  Time since last request: 40.487675 seconds.
  path: Assets/MyAsset/Prefabs/Heal-Prefab.prefab
  artifactKey: Guid(1ee834935943def4d8bddf4041fb4780) Importer(815301076,1909f56bfc062723c751e8b465ee728b)
Start importing Assets/MyAsset/Prefabs/Heal-Prefab.prefab using Guid(1ee834935943def4d8bddf4041fb4780) Importer(815301076,1909f56bfc062723c751e8b465ee728b)  -> (artifact id: 'e3ec1bfc692220ba2445615ff96f69ad') in 0.008950 seconds 
  Import took 0.011548 seconds .

========================================================================
Received Import Request.
  Time since last request: 269.111977 seconds.
  path: Assets/laxer tree pkg/Textures/ast3.png
  artifactKey: Guid(d27897795cf19c047a586837b4201ce5) Importer(815301076,1909f56bfc062723c751e8b465ee728b)
Start importing Assets/laxer tree pkg/Textures/ast3.png using Guid(d27897795cf19c047a586837b4201ce5) Importer(815301076,1909f56bfc062723c751e8b465ee728b)  -> (artifact id: 'ad792e6028ff50dad5cb761e60ddb5f5') in 0.061301 seconds 
  Import took 0.064777 seconds .

========================================================================
Received Import Request.
  Time since last request: 0.000228 seconds.
  path: Assets/laxer tree pkg/Textures/bark pine wh.png
  artifactKey: Guid(a0ee16bfb2caadb49a6c4dd528026e43) Importer(815301076,1909f56bfc062723c751e8b465ee728b)
Start importing Assets/laxer tree pkg/Textures/bark pine wh.png using Guid(a0ee16bfb2caadb49a6c4dd528026e43) Importer(815301076,1909f56bfc062723c751e8b465ee728b)  -> (artifact id: '969b35b7b92a2cf2610ea6b968e2f52c') in 0.010561 seconds 
  Import took 0.013069 seconds .

========================================================================
Received Import Request.
  Time since last request: 0.000337 seconds.
  path: Assets/Sand textures pack/Sand 04/diffuse.tga
  artifactKey: Guid(b3a688c8751b80348b50c839645b1893) Importer(815301076,1909f56bfc062723c751e8b465ee728b)
Start importing Assets/Sand textures pack/Sand 04/diffuse.tga using Guid(b3a688c8751b80348b50c839645b1893) Importer(815301076,1909f56bfc062723c751e8b465ee728b)  -> (artifact id: 'ebe83d8c567f90c4f48aff93f6d0f703') in 0.011619 seconds 
  Import took 0.014575 seconds .

========================================================================
Received Import Request.
  Time since last request: 0.000205 seconds.
  path: Assets/Sand textures pack/Sand 03/normal.tga
  artifactKey: Guid(6de787b941a84ab47aa819718eab2994) Importer(815301076,1909f56bfc062723c751e8b465ee728b)
Start importing Assets/Sand textures pack/Sand 03/normal.tga using Guid(6de787b941a84ab47aa819718eab2994) Importer(815301076,1909f56bfc062723c751e8b465ee728b)  -> (artifact id: '29cb7e220e1512c834916ce94f25df00') in 0.013506 seconds 
  Import took 0.016299 seconds .

========================================================================
Received Import Request.
  Time since last request: 0.000222 seconds.
  path: Assets/laxer tree pkg/Textures/ast4.png
  artifactKey: Guid(3b8d65f128cc7484a9c14ba4d91ea50d) Importer(815301076,1909f56bfc062723c751e8b465ee728b)
Start importing Assets/laxer tree pkg/Textures/ast4.png using Guid(3b8d65f128cc7484a9c14ba4d91ea50d) Importer(815301076,1909f56bfc062723c751e8b465ee728b)  -> (artifact id: '792d1bef7820a8152f7d20d9e0bf7853') in 0.009312 seconds 
  Import took 0.012302 seconds .

========================================================================
Received Import Request.
  Time since last request: 0.000230 seconds.
  path: Assets/Sand textures pack/Sand 03/diffuse.tga
  artifactKey: Guid(573734e01a86b9d40b6c8dc8d74a1932) Importer(815301076,1909f56bfc062723c751e8b465ee728b)
Start importing Assets/Sand textures pack/Sand 03/diffuse.tga using Guid(573734e01a86b9d40b6c8dc8d74a1932) Importer(815301076,1909f56bfc062723c751e8b465ee728b)  -> (artifact id: '534a57e132aa13b8a38c630b39e36e5d') in 0.011809 seconds 
  Import took 0.014250 seconds .

========================================================================
Received Import Request.
  Time since last request: 0.000238 seconds.
  path: Assets/Sand textures pack/Sand 06/diffuse.tga
  artifactKey: Guid(ad000eaa5a11e6541a69dcd7ffa18a80) Importer(815301076,1909f56bfc062723c751e8b465ee728b)
Start importing Assets/Sand textures pack/Sand 06/diffuse.tga using Guid(ad000eaa5a11e6541a69dcd7ffa18a80) Importer(815301076,1909f56bfc062723c751e8b465ee728b)  -> (artifact id: 'd5c4854b60fafa7ec59ce70a2eb2e92f') in 0.009406 seconds 
  Import took 0.012604 seconds .

========================================================================
Received Import Request.
  Time since last request: 0.000181 seconds.
  path: Assets/Sand textures pack/Sand 07/normal.tga
  artifactKey: Guid(1ca8aa938472ee44881646574d844978) Importer(815301076,1909f56bfc062723c751e8b465ee728b)
Start importing Assets/Sand textures pack/Sand 07/normal.tga using Guid(1ca8aa938472ee44881646574d844978) Importer(815301076,1909f56bfc062723c751e8b465ee728b)  -> (artifact id: 'cfb1e3bac3783a881830bd74d6f196cd') in 0.011404 seconds 
  Import took 0.014112 seconds .

========================================================================
Received Import Request.
  Time since last request: 0.000259 seconds.
  path: Assets/laxer tree pkg/Textures/ast5.png
  artifactKey: Guid(182472b00808f914fa8dc807ff58b574) Importer(815301076,1909f56bfc062723c751e8b465ee728b)
Start importing Assets/laxer tree pkg/Textures/ast5.png using Guid(182472b00808f914fa8dc807ff58b574) Importer(815301076,1909f56bfc062723c751e8b465ee728b)  -> (artifact id: 'c4e0cb404f21c1dc162ec741330273b8') in 0.007900 seconds 
  Import took 0.010812 seconds .

========================================================================
Received Import Request.
  Time since last request: 0.000219 seconds.
  path: Assets/laxer tree pkg/Textures/bark wh.png
  artifactKey: Guid(745e2f075c26fd84b9471b243d577562) Importer(815301076,1909f56bfc062723c751e8b465ee728b)
Start importing Assets/laxer tree pkg/Textures/bark wh.png using Guid(745e2f075c26fd84b9471b243d577562) Importer(815301076,1909f56bfc062723c751e8b465ee728b)  -> (artifact id: 'fa1a8abe758fb4cc4798afc9cca58e8c') in 0.012046 seconds 
  Import took 0.014421 seconds .

========================================================================
Received Import Request.
  Time since last request: 0.000283 seconds.
  path: Assets/Sand textures pack/Sand 07/diffuse.tga
  artifactKey: Guid(59340c34796aba74f821afc78115b91c) Importer(815301076,1909f56bfc062723c751e8b465ee728b)
Start importing Assets/Sand textures pack/Sand 07/diffuse.tga using Guid(59340c34796aba74f821afc78115b91c) Importer(815301076,1909f56bfc062723c751e8b465ee728b)  -> (artifact id: '38c8aa0488492e6ec6162127e08864a0') in 0.009702 seconds 
  Import took 0.012862 seconds .

========================================================================
Received Import Request.
  Time since last request: 0.000218 seconds.
  path: Assets/Sand textures pack/Sand 09/diffuse.tga
  artifactKey: Guid(a4ceed7e55067fa4f8f7b96f3f8abc23) Importer(815301076,1909f56bfc062723c751e8b465ee728b)
Start importing Assets/Sand textures pack/Sand 09/diffuse.tga using Guid(a4ceed7e55067fa4f8f7b96f3f8abc23) Importer(815301076,1909f56bfc062723c751e8b465ee728b)  -> (artifact id: 'e06d5ae2d0b8e5669d178d269ac239aa') in 0.011559 seconds 
  Import took 0.014533 seconds .

========================================================================
Received Import Request.
  Time since last request: 0.000257 seconds.
  path: Assets/laxer tree pkg/Textures/bark pine.png
  artifactKey: Guid(5acaa997b6100fb47b024c69aeb52788) Importer(815301076,1909f56bfc062723c751e8b465ee728b)
Start importing Assets/laxer tree pkg/Textures/bark pine.png using Guid(5acaa997b6100fb47b024c69aeb52788) Importer(815301076,1909f56bfc062723c751e8b465ee728b)  -> (artifact id: '94c8cb1157a0de1658597db02c9e83a3') in 0.009601 seconds 
  Import took 0.012268 seconds .

========================================================================
Received Import Request.
  Time since last request: 0.000189 seconds.
  path: Assets/Sand textures pack/Sand 02/diffuse.tga
  artifactKey: Guid(249658be85c3a614fb5a8d8eb3cf0f52) Importer(815301076,1909f56bfc062723c751e8b465ee728b)
Start importing Assets/Sand textures pack/Sand 02/diffuse.tga using Guid(249658be85c3a614fb5a8d8eb3cf0f52) Importer(815301076,1909f56bfc062723c751e8b465ee728b)  -> (artifact id: '24f9a68430d3273b8508f59bf30676e3') in 0.016156 seconds 
  Import took 0.019241 seconds .

========================================================================
Received Import Request.
  Time since last request: 0.000217 seconds.
  path: Assets/Sand textures pack/Sand 02/normal.tga
  artifactKey: Guid(427cf221b0e5f4b4da9d0821562ddc18) Importer(815301076,1909f56bfc062723c751e8b465ee728b)
Start importing Assets/Sand textures pack/Sand 02/normal.tga using Guid(427cf221b0e5f4b4da9d0821562ddc18) Importer(815301076,1909f56bfc062723c751e8b465ee728b)  -> (artifact id: '2cfe969fd2836582e00c7f0ac1ccd82a') in 0.010105 seconds 
  Import took 0.012701 seconds .

========================================================================
Received Import Request.
  Time since last request: 0.000254 seconds.
  path: Assets/Sand textures pack/Sand 05/diffuse.tga
  artifactKey: Guid(c16540716d43a52419d74c2940ffe2b2) Importer(815301076,1909f56bfc062723c751e8b465ee728b)
Start importing Assets/Sand textures pack/Sand 05/diffuse.tga using Guid(c16540716d43a52419d74c2940ffe2b2) Importer(815301076,1909f56bfc062723c751e8b465ee728b)  -> (artifact id: '4f6b0bae44f5d84cea9834dc05902fd8') in 0.011016 seconds 
  Import took 0.013632 seconds .

========================================================================
Received Import Request.
  Time since last request: 0.000222 seconds.
  path: Assets/Sand textures pack/Sand 08/normal.tga
  artifactKey: Guid(fe410fd1abc028549802745a6ba31814) Importer(815301076,1909f56bfc062723c751e8b465ee728b)
Start importing Assets/Sand textures pack/Sand 08/normal.tga using Guid(fe410fd1abc028549802745a6ba31814) Importer(815301076,1909f56bfc062723c751e8b465ee728b)  -> (artifact id: 'c1ca668fcd4e96420247e4007b4975f2') in 0.012213 seconds 
  Import took 0.015224 seconds .

========================================================================
Received Import Request.
  Time since last request: 0.000201 seconds.
  path: Assets/Sand textures pack/Sand 01/diffuse.tga
  artifactKey: Guid(290c02f76666bf444b5d58aaf8ee8151) Importer(815301076,1909f56bfc062723c751e8b465ee728b)
Start importing Assets/Sand textures pack/Sand 01/diffuse.tga using Guid(290c02f76666bf444b5d58aaf8ee8151) Importer(815301076,1909f56bfc062723c751e8b465ee728b)  -> (artifact id: 'abf098e827c0b860582edbbcf39318db') in 0.009368 seconds 
  Import took 0.012047 seconds .

========================================================================
Received Import Request.
  Time since last request: 0.000474 seconds.
  path: Assets/Sand textures pack/Sand 06/normal.tga
  artifactKey: Guid(b8a33275f31850a48b5abd4c13a44cd4) Importer(815301076,1909f56bfc062723c751e8b465ee728b)
Start importing Assets/Sand textures pack/Sand 06/normal.tga using Guid(b8a33275f31850a48b5abd4c13a44cd4) Importer(815301076,1909f56bfc062723c751e8b465ee728b)  -> (artifact id: 'b5e1ab652b74cf69f2baffb44b58de1d') in 0.015626 seconds 
  Import took 0.018835 seconds .

========================================================================
Received Import Request.
  Time since last request: 0.000244 seconds.
  path: Assets/Sand textures pack/Sand 09/normal.tga
  artifactKey: Guid(db2aff9b79c106746afb3167aeea3bd1) Importer(815301076,1909f56bfc062723c751e8b465ee728b)
Start importing Assets/Sand textures pack/Sand 09/normal.tga using Guid(db2aff9b79c106746afb3167aeea3bd1) Importer(815301076,1909f56bfc062723c751e8b465ee728b)  -> (artifact id: 'ebbd639307bbb6c3d1e77574da718200') in 0.013195 seconds 
  Import took 0.016085 seconds .

========================================================================
Received Import Request.
  Time since last request: 0.000384 seconds.
  path: Assets/Sand textures pack/Sand 08/diffuse.tga
  artifactKey: Guid(02b230a6dbc126f49ac17778565ed96e) Importer(815301076,1909f56bfc062723c751e8b465ee728b)
Start importing Assets/Sand textures pack/Sand 08/diffuse.tga using Guid(02b230a6dbc126f49ac17778565ed96e) Importer(815301076,1909f56bfc062723c751e8b465ee728b)  -> (artifact id: '960b1e5a16fc1ae5aa2c3e5ec130e3dc') in 0.010873 seconds 
  Import took 0.013379 seconds .

========================================================================
Received Import Request.
  Time since last request: 0.000185 seconds.
  path: Assets/Sand textures pack/Sand 01/normal.tga
  artifactKey: Guid(c7ae2d77608d4fb4380bfcbf944e3282) Importer(815301076,1909f56bfc062723c751e8b465ee728b)
Start importing Assets/Sand textures pack/Sand 01/normal.tga using Guid(c7ae2d77608d4fb4380bfcbf944e3282) Importer(815301076,1909f56bfc062723c751e8b465ee728b)  -> (artifact id: '814b32a7f42f55c5b5426f25afc468f0') in 0.009495 seconds 
  Import took 0.011717 seconds .

========================================================================
Received Import Request.
  Time since last request: 0.000239 seconds.
  path: Assets/Sand textures pack/Sand 04/normal.tga
  artifactKey: Guid(5b605e7f683caf04cbc4b1b74299d86d) Importer(815301076,1909f56bfc062723c751e8b465ee728b)
Start importing Assets/Sand textures pack/Sand 04/normal.tga using Guid(5b605e7f683caf04cbc4b1b74299d86d) Importer(815301076,1909f56bfc062723c751e8b465ee728b)  -> (artifact id: '1267899d35eab78b6e8c8e7ea9ace8dd') in 0.016738 seconds 
  Import took 0.019639 seconds .

========================================================================
Received Import Request.
  Time since last request: 0.000212 seconds.
  path: Assets/laxer tree pkg/Textures/bark.png
  artifactKey: Guid(8875beb1e4179154eb0ce892639eb118) Importer(815301076,1909f56bfc062723c751e8b465ee728b)
Start importing Assets/laxer tree pkg/Textures/bark.png using Guid(8875beb1e4179154eb0ce892639eb118) Importer(815301076,1909f56bfc062723c751e8b465ee728b)  -> (artifact id: '01b2223a08d78184a45c6f1d73d64e9a') in 0.011079 seconds 
  Import took 0.013806 seconds .

========================================================================
Received Import Request.
  Time since last request: 0.005907 seconds.
  path: Assets/Sand textures pack/Sand 04/normal.tga
  artifactKey: Guid(5b605e7f683caf04cbc4b1b74299d86d) Importer(815301076,1909f56bfc062723c751e8b465ee728b)
Start importing Assets/Sand textures pack/Sand 04/normal.tga using Guid(5b605e7f683caf04cbc4b1b74299d86d) Importer(815301076,1909f56bfc062723c751e8b465ee728b)  -> (artifact id: '1267899d35eab78b6e8c8e7ea9ace8dd') in 0.011161 seconds 
  Import took 0.013837 seconds .

========================================================================
Received Import Request.
  Time since last request: 8.006992 seconds.
  path: Assets/Sand textures pack/Sand 05/normal.tga
  artifactKey: Guid(0dd806b1d20ab4a43bf0aa049663105f) Importer(815301076,1909f56bfc062723c751e8b465ee728b)
Start importing Assets/Sand textures pack/Sand 05/normal.tga using Guid(0dd806b1d20ab4a43bf0aa049663105f) Importer(815301076,1909f56bfc062723c751e8b465ee728b)  -> (artifact id: 'f193c830c18f78bc07bea9eee5fee9ef') in 0.009395 seconds 
  Import took 0.012103 seconds .

========================================================================
Received Import Request.
  Time since last request: 0.000228 seconds.
  path: Assets/ADG_Textures/Plank Textures/Planks1/textures/Planks1_Ambient_Occlusion.tga
  artifactKey: Guid(05e8b7a8b97b7f54aba10b068a892c7e) Importer(815301076,1909f56bfc062723c751e8b465ee728b)
Start importing Assets/ADG_Textures/Plank Textures/Planks1/textures/Planks1_Ambient_Occlusion.tga using Guid(05e8b7a8b97b7f54aba10b068a892c7e) Importer(815301076,1909f56bfc062723c751e8b465ee728b)  -> (artifact id: '8b862f9de0deefac558d1a8a40f92e48') in 0.012466 seconds 
  Import took 0.014977 seconds .

========================================================================
Received Import Request.
  Time since last request: 0.000257 seconds.
  path: Assets/ADG_Textures/Plank Textures/Planks1/textures/Planks1_Height.tga
  artifactKey: Guid(3a618a33679f7a74fa4690c71146d333) Importer(815301076,1909f56bfc062723c751e8b465ee728b)
Start importing Assets/ADG_Textures/Plank Textures/Planks1/textures/Planks1_Height.tga using Guid(3a618a33679f7a74fa4690c71146d333) Importer(815301076,1909f56bfc062723c751e8b465ee728b)  -> (artifact id: 'e2ffc83e5606ee29345c152041a0f579') in 0.023152 seconds 
  Import took 0.026559 seconds .

========================================================================
Received Import Request.
  Time since last request: 0.000250 seconds.
  path: Assets/ADG_Textures/Plank Textures/Planks1/textures/Planks1_Normal.tga
  artifactKey: Guid(8a2cf66881a75f04b967b878709d722e) Importer(815301076,1909f56bfc062723c751e8b465ee728b)
Start importing Assets/ADG_Textures/Plank Textures/Planks1/textures/Planks1_Normal.tga using Guid(8a2cf66881a75f04b967b878709d722e) Importer(815301076,1909f56bfc062723c751e8b465ee728b)  -> (artifact id: '1d03c90221c1c277842d1359eda5a37b') in 0.020648 seconds 
  Import took 0.023338 seconds .

========================================================================
Received Import Request.
  Time since last request: 0.000248 seconds.
  path: Assets/ADG_Textures/Plank Textures/Planks1/textures/Planks1_Metallic.tga
  artifactKey: Guid(9678c3eae12b157448d97b7f285177b5) Importer(815301076,1909f56bfc062723c751e8b465ee728b)
Start importing Assets/ADG_Textures/Plank Textures/Planks1/textures/Planks1_Metallic.tga using Guid(9678c3eae12b157448d97b7f285177b5) Importer(815301076,1909f56bfc062723c751e8b465ee728b)  -> (artifact id: 'c1273aa5325a6889705fa76c233e129b') in 0.023120 seconds 
  Import took 0.026486 seconds .

========================================================================
Received Import Request.
  Time since last request: 0.000258 seconds.
  path: Assets/ADG_Textures/Plank Textures/Planks1/textures/Planks1a.tif
  artifactKey: Guid(c556b92e45cfbf64c9b730b057687694) Importer(815301076,1909f56bfc062723c751e8b465ee728b)
Start importing Assets/ADG_Textures/Plank Textures/Planks1/textures/Planks1a.tif using Guid(c556b92e45cfbf64c9b730b057687694) Importer(815301076,1909f56bfc062723c751e8b465ee728b)  -> (artifact id: 'ece755b0e75a1454034ca4ffd345d860') in 0.028358 seconds 
  Import took 0.030844 seconds .

========================================================================
Received Import Request.
  Time since last request: 3.510962 seconds.
  path: Assets/ADG_Textures/Plank Textures/Planks1/textures/Planks1b.tif
  artifactKey: Guid(4e5a50a0a9a1f274092ae207a87210f0) Importer(815301076,1909f56bfc062723c751e8b465ee728b)
Start importing Assets/ADG_Textures/Plank Textures/Planks1/textures/Planks1b.tif using Guid(4e5a50a0a9a1f274092ae207a87210f0) Importer(815301076,1909f56bfc062723c751e8b465ee728b)  -> (artifact id: '3bae50b34b82843b818e49af1efc2117') in 0.008893 seconds 
  Import took 0.011683 seconds .

========================================================================
Received Import Request.
  Time since last request: 0.000247 seconds.
  path: Assets/ADG_Textures/Plank Textures/Planks2/textures/Planks2_Ambient_Occlusion.tga
  artifactKey: Guid(9592c6321cb14c543be4a532fd686304) Importer(815301076,1909f56bfc062723c751e8b465ee728b)
Start importing Assets/ADG_Textures/Plank Textures/Planks2/textures/Planks2_Ambient_Occlusion.tga using Guid(9592c6321cb14c543be4a532fd686304) Importer(815301076,1909f56bfc062723c751e8b465ee728b)  -> (artifact id: '22fabc11c7921c95a23dbc1c356c05eb') in 0.010608 seconds 
  Import took 0.014169 seconds .

========================================================================
Received Import Request.
  Time since last request: 0.000247 seconds.
  path: Assets/ADG_Textures/Plank Textures/Planks1/textures/Planks1c.tif
  artifactKey: Guid(e827e59de682fa240b472ada972185f0) Importer(815301076,1909f56bfc062723c751e8b465ee728b)
Start importing Assets/ADG_Textures/Plank Textures/Planks1/textures/Planks1c.tif using Guid(e827e59de682fa240b472ada972185f0) Importer(815301076,1909f56bfc062723c751e8b465ee728b)  -> (artifact id: '601b9ced3f6b5fe1ee5c6c770c0ab13f') in 0.031964 seconds 
  Import took 0.035014 seconds .

========================================================================
Received Import Request.
  Time since last request: 0.000249 seconds.
  path: Assets/ADG_Textures/Plank Textures/Planks2/textures/Planks2_Height.tga
  artifactKey: Guid(ef62f8e007645cf46bfeb767c0e36c4c) Importer(815301076,1909f56bfc062723c751e8b465ee728b)
Start importing Assets/ADG_Textures/Plank Textures/Planks2/textures/Planks2_Height.tga using Guid(ef62f8e007645cf46bfeb767c0e36c4c) Importer(815301076,1909f56bfc062723c751e8b465ee728b)  -> (artifact id: 'bef18c417f4e232c455ea3e657502105') in 0.028493 seconds 
  Import took 0.031337 seconds .

========================================================================
Received Import Request.
  Time since last request: 0.000278 seconds.
  path: Assets/ADG_Textures/Plank Textures/Planks2/textures/Planks2c.tif
  artifactKey: Guid(5ae37248b12de794bbb63b14b8b1fbd7) Importer(815301076,1909f56bfc062723c751e8b465ee728b)
Start importing Assets/ADG_Textures/Plank Textures/Planks2/textures/Planks2c.tif using Guid(5ae37248b12de794bbb63b14b8b1fbd7) Importer(815301076,1909f56bfc062723c751e8b465ee728b)  -> (artifact id: 'a5c57fef588d030b45faadd2e75037e4') in 0.026136 seconds 
  Import took 0.029149 seconds .

========================================================================
Received Import Request.
  Time since last request: 0.000204 seconds.
  path: Assets/ADG_Textures/Plank Textures/Planks2/textures/Planks2a.tif
  artifactKey: Guid(7bc4f5a0e9becf944bf2aee31dbedd6f) Importer(815301076,1909f56bfc062723c751e8b465ee728b)
Start importing Assets/ADG_Textures/Plank Textures/Planks2/textures/Planks2a.tif using Guid(7bc4f5a0e9becf944bf2aee31dbedd6f) Importer(815301076,1909f56bfc062723c751e8b465ee728b)  -> (artifact id: 'a9afbca443e5dd0275d2bcc8bd016729') in 0.026426 seconds 
  Import took 0.029415 seconds .

========================================================================
Received Import Request.
  Time since last request: 0.000361 seconds.
  path: Assets/ADG_Textures/Plank Textures/Planks2/textures/Planks2d.tif
  artifactKey: Guid(bf7a5235c92031d4982b2aa6fa9b3a90) Importer(815301076,1909f56bfc062723c751e8b465ee728b)
Start importing Assets/ADG_Textures/Plank Textures/Planks2/textures/Planks2d.tif using Guid(bf7a5235c92031d4982b2aa6fa9b3a90) Importer(815301076,1909f56bfc062723c751e8b465ee728b)  -> (artifact id: 'f5c65b5d38cea72f9bd97c488fa8e0d3') in 0.024785 seconds 
  Import took 0.027626 seconds .

========================================================================
Received Import Request.
  Time since last request: 0.000192 seconds.
  path: Assets/ADG_Textures/Plank Textures/Planks2/textures/Planks2_Normal.tga
  artifactKey: Guid(ff768f4548587994ba61cf7c17d2ba30) Importer(815301076,1909f56bfc062723c751e8b465ee728b)
Start importing Assets/ADG_Textures/Plank Textures/Planks2/textures/Planks2_Normal.tga using Guid(ff768f4548587994ba61cf7c17d2ba30) Importer(815301076,1909f56bfc062723c751e8b465ee728b)  -> (artifact id: '09a3c36f6ea79f7a084b9e10d7dcc1f1') in 0.019126 seconds 
  Import took 0.021849 seconds .

========================================================================
Received Import Request.
  Time since last request: 0.000239 seconds.
  path: Assets/ADG_Textures/Plank Textures/Planks2/textures/Planks2b.tif
  artifactKey: Guid(8bdf004cf972c794a9738ee2b0c23b9b) Importer(815301076,1909f56bfc062723c751e8b465ee728b)
Start importing Assets/ADG_Textures/Plank Textures/Planks2/textures/Planks2b.tif using Guid(8bdf004cf972c794a9738ee2b0c23b9b) Importer(815301076,1909f56bfc062723c751e8b465ee728b)  -> (artifact id: '4365c9c1c9c77d98d12d4b6b7e728861') in 0.019490 seconds 
  Import took 0.022044 seconds .

========================================================================
Received Import Request.
  Time since last request: 0.000254 seconds.
  path: Assets/ADG_Textures/Plank Textures/Planks1/textures/Planks1d.tif
  artifactKey: Guid(105b961cb430b5747b1d48bbcef29e0e) Importer(815301076,1909f56bfc062723c751e8b465ee728b)
Start importing Assets/ADG_Textures/Plank Textures/Planks1/textures/Planks1d.tif using Guid(105b961cb430b5747b1d48bbcef29e0e) Importer(815301076,1909f56bfc062723c751e8b465ee728b)  -> (artifact id: '98ccab13ec9cd1f77f118ee61f4d52e0') in 0.020320 seconds 
  Import took 0.023006 seconds .

========================================================================
Received Import Request.
  Time since last request: 0.000250 seconds.
  path: Assets/ADG_Textures/Plank Textures/Planks2/textures/Planks2_Metallic.tga
  artifactKey: Guid(10cd631b1503dc74aa4f951781c08310) Importer(815301076,1909f56bfc062723c751e8b465ee728b)
Start importing Assets/ADG_Textures/Plank Textures/Planks2/textures/Planks2_Metallic.tga using Guid(10cd631b1503dc74aa4f951781c08310) Importer(815301076,1909f56bfc062723c751e8b465ee728b)  -> (artifact id: '773af52723d4265521e79b2cf85b8c72') in 0.018329 seconds 
  Import took 0.021076 seconds .

========================================================================
Received Import Request.
  Time since last request: 0.000303 seconds.
  path: Assets/ADG_Textures/Plank Textures/Planks3/tetxures/Planks3.tif
  artifactKey: Guid(89dfc4f706a3dd44abcce4ed6c22bb49) Importer(815301076,1909f56bfc062723c751e8b465ee728b)
Start importing Assets/ADG_Textures/Plank Textures/Planks3/tetxures/Planks3.tif using Guid(89dfc4f706a3dd44abcce4ed6c22bb49) Importer(815301076,1909f56bfc062723c751e8b465ee728b)  -> (artifact id: '6626a9234601f4526eeb4d230550ae09') in 0.017719 seconds 
  Import took 0.020912 seconds .

========================================================================
Received Import Request.
  Time since last request: 0.047688 seconds.
  path: Assets/ADG_Textures/Plank Textures/Planks3/tetxures/Planks3_Ambient_Occlusion.tga
  artifactKey: Guid(74dd0fb0fa6d34247bd6211e4c978c49) Importer(815301076,1909f56bfc062723c751e8b465ee728b)
Start importing Assets/ADG_Textures/Plank Textures/Planks3/tetxures/Planks3_Ambient_Occlusion.tga using Guid(74dd0fb0fa6d34247bd6211e4c978c49) Importer(815301076,1909f56bfc062723c751e8b465ee728b)  -> (artifact id: 'ec2254de70e8b31c3fc1c643debf8e3b') in 0.008576 seconds 
  Import took 0.011651 seconds .

========================================================================
Received Import Request.
  Time since last request: 0.000195 seconds.
  path: Assets/ADG_Textures/Plank Textures/Planks3/tetxures/Planks3_Metallic.tga
  artifactKey: Guid(75d8ba6d3dcfd1143b43c93a93a03f14) Importer(815301076,1909f56bfc062723c751e8b465ee728b)
Start importing Assets/ADG_Textures/Plank Textures/Planks3/tetxures/Planks3_Metallic.tga using Guid(75d8ba6d3dcfd1143b43c93a93a03f14) Importer(815301076,1909f56bfc062723c751e8b465ee728b)  -> (artifact id: '5812733a0a42aa461ee9d0bc76597922') in 0.009750 seconds 
  Import took 0.012039 seconds .

========================================================================
Received Import Request.
  Time since last request: 0.000264 seconds.
  path: Assets/ADG_Textures/Plank Textures/Planks4/textures/Planks4_Ambient_Occlusion.tga
  artifactKey: Guid(d82ffb41987a66e4a96b6d3ee0fb0c56) Importer(815301076,1909f56bfc062723c751e8b465ee728b)
Start importing Assets/ADG_Textures/Plank Textures/Planks4/textures/Planks4_Ambient_Occlusion.tga using Guid(d82ffb41987a66e4a96b6d3ee0fb0c56) Importer(815301076,1909f56bfc062723c751e8b465ee728b)  -> (artifact id: '845e45a7821bbe6b44df3c2356b79b04') in 0.016289 seconds 
  Import took 0.019228 seconds .

========================================================================
Received Import Request.
  Time since last request: 0.000233 seconds.
  path: Assets/ADG_Textures/Plank Textures/Planks3/tetxures/Planks3_Height.tga
  artifactKey: Guid(df720953f549d3d4e8f014552c6c331a) Importer(815301076,1909f56bfc062723c751e8b465ee728b)
Start importing Assets/ADG_Textures/Plank Textures/Planks3/tetxures/Planks3_Height.tga using Guid(df720953f549d3d4e8f014552c6c331a) Importer(815301076,1909f56bfc062723c751e8b465ee728b)  -> (artifact id: '14779d38f15b40d44d0cd4eb24cc16d6') in 0.022248 seconds 
  Import took 0.024613 seconds .

========================================================================
Received Import Request.
  Time since last request: 0.000197 seconds.
  path: Assets/ADG_Textures/Plank Textures/Planks4/textures/Planks4a.tif
  artifactKey: Guid(aad75fecbdd536848a680b4b5466f007) Importer(815301076,1909f56bfc062723c751e8b465ee728b)
Start importing Assets/ADG_Textures/Plank Textures/Planks4/textures/Planks4a.tif using Guid(aad75fecbdd536848a680b4b5466f007) Importer(815301076,1909f56bfc062723c751e8b465ee728b)  -> (artifact id: '80e98be2b4b2fb40d82f9d3346c53e2c') in 0.026150 seconds 
  Import took 0.028560 seconds .

========================================================================
Received Import Request.
  Time since last request: 0.000233 seconds.
  path: Assets/ADG_Textures/Plank Textures/Planks4/textures/Planks4c.tif
  artifactKey: Guid(ba30d929cf534b24ca00fa976e39b228) Importer(815301076,1909f56bfc062723c751e8b465ee728b)
Start importing Assets/ADG_Textures/Plank Textures/Planks4/textures/Planks4c.tif using Guid(ba30d929cf534b24ca00fa976e39b228) Importer(815301076,1909f56bfc062723c751e8b465ee728b)  -> (artifact id: 'b35a3cdeee5db260dec1c980c2e04606') in 0.011648 seconds 
  Import took 0.014410 seconds .

========================================================================
Received Import Request.
  Time since last request: 0.000219 seconds.
  path: Assets/ADG_Textures/Plank Textures/Planks4/textures/Planks4_Height.tga
  artifactKey: Guid(170b004975ff17c46a61cc9cba9fbe81) Importer(815301076,1909f56bfc062723c751e8b465ee728b)
Start importing Assets/ADG_Textures/Plank Textures/Planks4/textures/Planks4_Height.tga using Guid(170b004975ff17c46a61cc9cba9fbe81) Importer(815301076,1909f56bfc062723c751e8b465ee728b)  -> (artifact id: '97c0cd87aa563154b18cd25a22799ab5') in 0.011790 seconds 
  Import took 0.014641 seconds .

========================================================================
Received Import Request.
  Time since last request: 0.000257 seconds.
  path: Assets/ADG_Textures/Plank Textures/Planks4/textures/Planks4_Normal.tga
  artifactKey: Guid(a12befa84f560b5488bd1b9731610068) Importer(815301076,1909f56bfc062723c751e8b465ee728b)
Start importing Assets/ADG_Textures/Plank Textures/Planks4/textures/Planks4_Normal.tga using Guid(a12befa84f560b5488bd1b9731610068) Importer(815301076,1909f56bfc062723c751e8b465ee728b)  -> (artifact id: 'fe1a3386c5f5902bfa486b84f8a1577f') in 0.023225 seconds 
  Import took 0.025727 seconds .

========================================================================
Received Import Request.
  Time since last request: 0.000243 seconds.
  path: Assets/ADG_Textures/Plank Textures/Planks5/textures/Planks5_Height.tga
  artifactKey: Guid(d65ba7b966bc42a46b01b05ebe03a18e) Importer(815301076,1909f56bfc062723c751e8b465ee728b)
Start importing Assets/ADG_Textures/Plank Textures/Planks5/textures/Planks5_Height.tga using Guid(d65ba7b966bc42a46b01b05ebe03a18e) Importer(815301076,1909f56bfc062723c751e8b465ee728b)  -> (artifact id: 'a449289c811cc2c47a94f0910913d7ee') in 0.021259 seconds 
  Import took 0.024473 seconds .

========================================================================
Received Import Request.
  Time since last request: 0.000232 seconds.
  path: Assets/ADG_Textures/Plank Textures/Planks5/textures/Planks5_Metallic.tga
  artifactKey: Guid(3c4bac2a0ae241b41a163bd79fe7bda8) Importer(815301076,1909f56bfc062723c751e8b465ee728b)
Start importing Assets/ADG_Textures/Plank Textures/Planks5/textures/Planks5_Metallic.tga using Guid(3c4bac2a0ae241b41a163bd79fe7bda8) Importer(815301076,1909f56bfc062723c751e8b465ee728b)  -> (artifact id: '36f375d2a2b56c9f635c2a23f8a260f0') in 0.022335 seconds 
  Import took 0.024844 seconds .

========================================================================
Received Import Request.
  Time since last request: 0.000266 seconds.
  path: Assets/ADG_Textures/Plank Textures/Planks5/textures/Planks5a.tif
  artifactKey: Guid(3d32ad333f4057946976f1b1a5e8d59e) Importer(815301076,1909f56bfc062723c751e8b465ee728b)
Start importing Assets/ADG_Textures/Plank Textures/Planks5/textures/Planks5a.tif using Guid(3d32ad333f4057946976f1b1a5e8d59e) Importer(815301076,1909f56bfc062723c751e8b465ee728b)  -> (artifact id: '96511a3a352a4bfac64a95ffaf742cd5') in 0.021308 seconds 
  Import took 0.024895 seconds .

========================================================================
Received Import Request.
  Time since last request: 0.000198 seconds.
  path: Assets/ADG_Textures/Plank Textures/Planks5/textures/Planks5_Normal.tga
  artifactKey: Guid(42c41afde3db6534aa36c855fe102d54) Importer(815301076,1909f56bfc062723c751e8b465ee728b)
Start importing Assets/ADG_Textures/Plank Textures/Planks5/textures/Planks5_Normal.tga using Guid(42c41afde3db6534aa36c855fe102d54) Importer(815301076,1909f56bfc062723c751e8b465ee728b)  -> (artifact id: 'f157c8052ce02485e7abae383ff238c0') in 0.019745 seconds 
  Import took 0.023126 seconds .

========================================================================
Received Import Request.
  Time since last request: 0.000187 seconds.
  path: Assets/ADG_Textures/Plank Textures/Planks4/textures/Planks4_Metallic.tga
  artifactKey: Guid(fc054946d3b1d664f9ef48eb507af2b5) Importer(815301076,1909f56bfc062723c751e8b465ee728b)
Start importing Assets/ADG_Textures/Plank Textures/Planks4/textures/Planks4_Metallic.tga using Guid(fc054946d3b1d664f9ef48eb507af2b5) Importer(815301076,1909f56bfc062723c751e8b465ee728b)  -> (artifact id: 'a1e2bc3f3d465381660cd5a4acc1ef36') in 0.024855 seconds 
  Import took 0.027375 seconds .

========================================================================
Received Import Request.
  Time since last request: 0.000226 seconds.
  path: Assets/ADG_Textures/Plank Textures/Planks4/textures/Planks4e.tif
  artifactKey: Guid(c796c5851f35b734bbe4c38ad99e9f4d) Importer(815301076,1909f56bfc062723c751e8b465ee728b)
Start importing Assets/ADG_Textures/Plank Textures/Planks4/textures/Planks4e.tif using Guid(c796c5851f35b734bbe4c38ad99e9f4d) Importer(815301076,1909f56bfc062723c751e8b465ee728b)  -> (artifact id: '5a0b0cd1d43bbfc31b6d78467cf02c49') in 0.017982 seconds 
  Import took 0.021191 seconds .

========================================================================
Received Import Request.
  Time since last request: 0.000235 seconds.
  path: Assets/ADG_Textures/Plank Textures/Planks5/textures/Planks5_Ambient_Occlusion.tga
  artifactKey: Guid(fc95c7b35085e6e4eabef7b593e219d4) Importer(815301076,1909f56bfc062723c751e8b465ee728b)
Start importing Assets/ADG_Textures/Plank Textures/Planks5/textures/Planks5_Ambient_Occlusion.tga using Guid(fc95c7b35085e6e4eabef7b593e219d4) Importer(815301076,1909f56bfc062723c751e8b465ee728b)  -> (artifact id: 'e2bd42c05f03a99b482ddd55d362210d') in 0.023197 seconds 
  Import took 0.025994 seconds .

========================================================================
Received Import Request.
  Time since last request: 0.000309 seconds.
  path: Assets/ADG_Textures/Plank Textures/Planks4/textures/Planks4d.tif
  artifactKey: Guid(a571afcf5ec214841a434b5b71c55ed4) Importer(815301076,1909f56bfc062723c751e8b465ee728b)
Start importing Assets/ADG_Textures/Plank Textures/Planks4/textures/Planks4d.tif using Guid(a571afcf5ec214841a434b5b71c55ed4) Importer(815301076,1909f56bfc062723c751e8b465ee728b)  -> (artifact id: 'c39b40d3c99dfe2a50087a6216dcc3e8') in 0.022459 seconds 
  Import took 0.024951 seconds .

========================================================================
Received Import Request.
  Time since last request: 0.000144 seconds.
  path: Assets/ADG_Textures/Plank Textures/Planks4/textures/Planks4b.tif
  artifactKey: Guid(d01fec9771394c14a81340ee68087df7) Importer(815301076,1909f56bfc062723c751e8b465ee728b)
Start importing Assets/ADG_Textures/Plank Textures/Planks4/textures/Planks4b.tif using Guid(d01fec9771394c14a81340ee68087df7) Importer(815301076,1909f56bfc062723c751e8b465ee728b)  -> (artifact id: '86c3e5ed06b812ed05d1dd96e53edb70') in 0.022085 seconds 
  Import took 0.025298 seconds .

========================================================================
Received Import Request.
  Time since last request: 0.000251 seconds.
  path: Assets/ADG_Textures/Plank Textures/Planks3/tetxures/Planks3_Normal.tga
  artifactKey: Guid(b0ad1d569af068344bb2e87290c74366) Importer(815301076,1909f56bfc062723c751e8b465ee728b)
Start importing Assets/ADG_Textures/Plank Textures/Planks3/tetxures/Planks3_Normal.tga using Guid(b0ad1d569af068344bb2e87290c74366) Importer(815301076,1909f56bfc062723c751e8b465ee728b)  -> (artifact id: 'ea213329b25f47fa6a2a18c8b1b03e1e') in 0.019866 seconds 
  Import took 0.023075 seconds .

========================================================================
Received Import Request.
  Time since last request: 0.160448 seconds.
  path: Assets/ADG_Textures/Plank Textures/Planks5/textures/Planks5b.tif
  artifactKey: Guid(47686a64161cc09409df3ef287640fad) Importer(815301076,1909f56bfc062723c751e8b465ee728b)
Start importing Assets/ADG_Textures/Plank Textures/Planks5/textures/Planks5b.tif using Guid(47686a64161cc09409df3ef287640fad) Importer(815301076,1909f56bfc062723c751e8b465ee728b)  -> (artifact id: 'cdee2c52eef1e059b012ab440bdbbfa0') in 0.009308 seconds 
  Import took 0.011950 seconds .

========================================================================
Received Import Request.
  Time since last request: 0.000233 seconds.
  path: Assets/ADG_Textures/Plank Textures/Planks5/textures/Planks5d.tif
  artifactKey: Guid(d5792edbec5e0af48a61960bb92ba0dc) Importer(815301076,1909f56bfc062723c751e8b465ee728b)
Start importing Assets/ADG_Textures/Plank Textures/Planks5/textures/Planks5d.tif using Guid(d5792edbec5e0af48a61960bb92ba0dc) Importer(815301076,1909f56bfc062723c751e8b465ee728b)  -> (artifact id: 'bb0f30357fd5c4cbff56801b2c2a6da3') in 0.012448 seconds 
  Import took 0.015357 seconds .

========================================================================
Received Import Request.
  Time since last request: 0.000613 seconds.
  path: Assets/Sand textures pack/Sand 03/preview.jpg
  artifactKey: Guid(db8f734d24bb14047a116ee10e629eba) Importer(815301076,1909f56bfc062723c751e8b465ee728b)
Start importing Assets/Sand textures pack/Sand 03/preview.jpg using Guid(db8f734d24bb14047a116ee10e629eba) Importer(815301076,1909f56bfc062723c751e8b465ee728b)  -> (artifact id: 'da63a2ae55de0959c50a4fb8dfc20b67') in 0.022158 seconds 
  Import took 0.025680 seconds .

========================================================================
Received Import Request.
  Time since last request: 0.000228 seconds.
  path: Assets/Sand textures pack/Sand 04/preview.jpg
  artifactKey: Guid(694b20c372c6c0b45bf35c32e619ca5b) Importer(815301076,1909f56bfc062723c751e8b465ee728b)
Start importing Assets/Sand textures pack/Sand 04/preview.jpg using Guid(694b20c372c6c0b45bf35c32e619ca5b) Importer(815301076,1909f56bfc062723c751e8b465ee728b)  -> (artifact id: 'f07a4b0c13d5d5385bb709c5362e7313') in 0.010827 seconds 
  Import took 0.013920 seconds .

========================================================================
Received Import Request.
  Time since last request: 0.000239 seconds.
  path: Assets/Sand textures pack/Sand 06/preview.jpg
  artifactKey: Guid(94de8f5eb8e9a0747860c70a4105c906) Importer(815301076,1909f56bfc062723c751e8b465ee728b)
Start importing Assets/Sand textures pack/Sand 06/preview.jpg using Guid(94de8f5eb8e9a0747860c70a4105c906) Importer(815301076,1909f56bfc062723c751e8b465ee728b)  -> (artifact id: '6de110a3c651a9e1b05828c5c3d60b5b') in 0.013490 seconds 
  Import took 0.016218 seconds .

========================================================================
Received Import Request.
  Time since last request: 0.000249 seconds.
  path: Assets/Sand textures pack/Sand 05/preview.jpg
  artifactKey: Guid(784e6c9e2fe61334ea00c90f586799b4) Importer(815301076,1909f56bfc062723c751e8b465ee728b)
Start importing Assets/Sand textures pack/Sand 05/preview.jpg using Guid(784e6c9e2fe61334ea00c90f586799b4) Importer(815301076,1909f56bfc062723c751e8b465ee728b)  -> (artifact id: '9e6b10efb2fc6f956f39254f13157d0e') in 0.022605 seconds 
  Import took 0.025159 seconds .

========================================================================
Received Import Request.
  Time since last request: 0.000317 seconds.
  path: Assets/Sand textures pack/Sand 08/preview.jpg
  artifactKey: Guid(fdef338877fb05e41ab50eb9c5a9835d) Importer(815301076,1909f56bfc062723c751e8b465ee728b)
Start importing Assets/Sand textures pack/Sand 08/preview.jpg using Guid(fdef338877fb05e41ab50eb9c5a9835d) Importer(815301076,1909f56bfc062723c751e8b465ee728b)  -> (artifact id: 'fa0cbac4d94ba3fa9555e14aab93690c') in 0.018229 seconds 
  Import took 0.021643 seconds .

========================================================================
Received Import Request.
  Time since last request: 0.000246 seconds.
  path: Assets/Sand textures pack/Sand 09/preview.jpg
  artifactKey: Guid(11a2e73c603c56348baeadc3ae3e15d5) Importer(815301076,1909f56bfc062723c751e8b465ee728b)
Start importing Assets/Sand textures pack/Sand 09/preview.jpg using Guid(11a2e73c603c56348baeadc3ae3e15d5) Importer(815301076,1909f56bfc062723c751e8b465ee728b)  -> (artifact id: '4d8dfa7ca3aa3394317719e2ae9cc5b0') in 0.020793 seconds 
  Import took 0.023176 seconds .

========================================================================
Received Import Request.
  Time since last request: 0.000168 seconds.
  path: Assets/Sand textures pack/Sand 02/preview.jpg
  artifactKey: Guid(d718b052bebcf3f459b8b3643a53b25a) Importer(815301076,1909f56bfc062723c751e8b465ee728b)
Start importing Assets/Sand textures pack/Sand 02/preview.jpg using Guid(d718b052bebcf3f459b8b3643a53b25a) Importer(815301076,1909f56bfc062723c751e8b465ee728b)  -> (artifact id: '4c9570dbce5a1fc48a51c62ddcf7946e') in 0.022979 seconds 
  Import took 0.026311 seconds .

========================================================================
Received Import Request.
  Time since last request: 0.000251 seconds.
  path: Assets/Sand textures pack/Sand 01/preview.jpg
  artifactKey: Guid(c355b6f9819638f4c932556a463ed828) Importer(815301076,1909f56bfc062723c751e8b465ee728b)
Start importing Assets/Sand textures pack/Sand 01/preview.jpg using Guid(c355b6f9819638f4c932556a463ed828) Importer(815301076,1909f56bfc062723c751e8b465ee728b)  -> (artifact id: '0b1672ccdee2a46de9840971fe861b1b') in 0.018016 seconds 
  Import took 0.020776 seconds .

========================================================================
Received Import Request.
  Time since last request: 0.000251 seconds.
  path: Assets/Sand textures pack/Sand 07/preview.jpg
  artifactKey: Guid(5415f499916bc6343be05490a1cf31de) Importer(815301076,1909f56bfc062723c751e8b465ee728b)
Start importing Assets/Sand textures pack/Sand 07/preview.jpg using Guid(5415f499916bc6343be05490a1cf31de) Importer(815301076,1909f56bfc062723c751e8b465ee728b)  -> (artifact id: 'ca34b45b00c20bf72ca7bcce1d8225c8') in 0.022594 seconds 
  Import took 0.025724 seconds .

========================================================================
Received Import Request.
  Time since last request: 0.000280 seconds.
  path: Assets/ADG_Textures/Plank Textures/Planks5/textures/Planks5c.tif
  artifactKey: Guid(4bdcf3b7e98d7144b8683ea43c5d3804) Importer(815301076,1909f56bfc062723c751e8b465ee728b)
Start importing Assets/ADG_Textures/Plank Textures/Planks5/textures/Planks5c.tif using Guid(4bdcf3b7e98d7144b8683ea43c5d3804) Importer(815301076,1909f56bfc062723c751e8b465ee728b)  -> (artifact id: '33f3369c832552d6fb1a8318d780c2df') in 0.019176 seconds 
  Import took 0.022555 seconds .

========================================================================
Received Import Request.
  Time since last request: 0.137440 seconds.
  path: Assets/Soccer Ball/Textures/Soccer Ball Normal Map.png
  artifactKey: Guid(a0d8751da35d5344ea4738f6a8227a0d) Importer(815301076,1909f56bfc062723c751e8b465ee728b)
Start importing Assets/Soccer Ball/Textures/Soccer Ball Normal Map.png using Guid(a0d8751da35d5344ea4738f6a8227a0d) Importer(815301076,1909f56bfc062723c751e8b465ee728b)  -> (artifact id: 'f1f33d31adc2971d58429ac89e75b10b') in 0.010008 seconds 
  Import took 0.013038 seconds .

========================================================================
Received Import Request.
  Time since last request: 0.000200 seconds.
  path: Assets/MyAsset/New Terrain.asset
  artifactKey: Guid(71a1a9ca10dd2644bbe83fc6e5997d92) Importer(815301076,1909f56bfc062723c751e8b465ee728b)
Start importing Assets/MyAsset/New Terrain.asset using Guid(71a1a9ca10dd2644bbe83fc6e5997d92) Importer(815301076,1909f56bfc062723c751e8b465ee728b)  -> (artifact id: '4c019a6c6f52aa6d2b8c79e8aa9634b4') in 0.024812 seconds 
  Import took 0.027819 seconds .

========================================================================
Received Import Request.
  Time since last request: 0.000264 seconds.
  path: Assets/Soccer Ball/Textures/Soccer Ball Normal Map.png
  artifactKey: Guid(a0d8751da35d5344ea4738f6a8227a0d) Importer(815301076,1909f56bfc062723c751e8b465ee728b)
Start importing Assets/Soccer Ball/Textures/Soccer Ball Normal Map.png using Guid(a0d8751da35d5344ea4738f6a8227a0d) Importer(815301076,1909f56bfc062723c751e8b465ee728b)  -> (artifact id: 'f1f33d31adc2971d58429ac89e75b10b') in 0.015343 seconds 
  Import took 0.018553 seconds .

========================================================================
Received Import Request.
  Time since last request: 0.000306 seconds.
  path: Assets/MyAsset/New Terrain.asset
  artifactKey: Guid(71a1a9ca10dd2644bbe83fc6e5997d92) Importer(815301076,1909f56bfc062723c751e8b465ee728b)
Start importing Assets/MyAsset/New Terrain.asset using Guid(71a1a9ca10dd2644bbe83fc6e5997d92) Importer(815301076,1909f56bfc062723c751e8b465ee728b)  -> (artifact id: '4c019a6c6f52aa6d2b8c79e8aa9634b4') in 0.015635 seconds 
  Import took 0.018610 seconds .

========================================================================
Received Import Request.
  Time since last request: 577.602404 seconds.
  path: Assets/MyAsset/Scripts
  artifactKey: Guid(6c6fb76166bd0ff4589bbd7a058050fe) Importer(815301076,1909f56bfc062723c751e8b465ee728b)
Start importing Assets/MyAsset/Scripts using Guid(6c6fb76166bd0ff4589bbd7a058050fe) Importer(815301076,1909f56bfc062723c751e8b465ee728b)  -> (artifact id: '806106035a6e24497f5a0417f8ff5966') in 0.005850 seconds 
  Import took 0.009371 seconds .

========================================================================
Received Import Request.
  Time since last request: 13.370061 seconds.
  path: Assets/MyAsset/Scripts/Heal.cs
  artifactKey: Guid(4cc4e7ee28433b94c94d13717fe5d7dd) Importer(815301076,1909f56bfc062723c751e8b465ee728b)
Start importing Assets/MyAsset/Scripts/Heal.cs using Guid(4cc4e7ee28433b94c94d13717fe5d7dd) Importer(815301076,1909f56bfc062723c751e8b465ee728b)  -> (artifact id: '5c8c75d36258e26fdbbe7cb112830efd') in 0.017804 seconds 
  Import took 0.020201 seconds .

========================================================================
Received Prepare
Registering precompiled user dll's ...
Registered in 0.001752 seconds.
Begin MonoManager ReloadAssembly
Native extension for WindowsStandalone target not found
Refreshing native plugins compatible for Editor in 0.30 ms, found 2 plugins.
Preloading 0 native plugins for Editor in 0.00 ms.
Mono: successfully reloaded assembly
- Completed reload, in  0.785 seconds
Platform modules already initialized, skipping
Refreshing native plugins compatible for Editor in 0.30 ms, found 2 plugins.
Preloading 0 native plugins for Editor in 0.00 ms.
Unloading 1530 Unused Serialized files (Serialized files now loaded: 0)
System memory in use before: 91.1 MB.
System memory in use after: 91.2 MB.

Unloading 15 unused Assets to reduce memory usage. Loaded Objects now: 2059.
Total: 1.784100 ms (FindLiveObjects: 0.139600 ms CreateObjectMapping: 0.048500 ms MarkObjects: 1.508300 ms  DeleteObjects: 0.087000 ms)

AssetImportParameters requested are different than current active one (requested -> active):
  custom:framework-win-MediaFoundation: 216162199b28c13a410421893ffa2e32 -> 
  custom:video-decoder-ogg-theora: a1e56fd34408186e4bbccfd4996cb3dc -> 
  custom:container-muxer-webm: aa71ff27fc2769a1b78a27578f13a17b -> 
  custom:container-demuxer-webm: 4f35f7cbe854078d1ac9338744f61a02 -> 
  custom:container-demuxer-ogg: 62fdf1f143b41e24485cea50d1cbac27 -> 
  custom:video-encoder-webm-vp8: eb34c28f22e8b96e1ab97ce403110664 -> 
  custom:video-decoder-webm-vp8: 9c59270c3fd7afecdb556c50c9e8de78 -> 
  custom:audio-decoder-ogg-vorbis: bf7c407c2cedff20999df2af8eb42d56 -> 
  custom:audio-encoder-webm-vorbis: bf7c407c2cedff20999df2af8eb42d56 -> 
========================================================================
Received Prepare
Registering precompiled user dll's ...
Registered in 0.001857 seconds.
Begin MonoManager ReloadAssembly
Native extension for WindowsStandalone target not found
Refreshing native plugins compatible for Editor in 0.31 ms, found 2 plugins.
Preloading 0 native plugins for Editor in 0.00 ms.
Mono: successfully reloaded assembly
- Completed reload, in  0.770 seconds
Platform modules already initialized, skipping
Refreshing native plugins compatible for Editor in 0.30 ms, found 2 plugins.
Preloading 0 native plugins for Editor in 0.00 ms.
Unloading 1530 Unused Serialized files (Serialized files now loaded: 0)
System memory in use before: 91.1 MB.
System memory in use after: 91.2 MB.

Unloading 15 unused Assets to reduce memory usage. Loaded Objects now: 2062.
Total: 1.896600 ms (FindLiveObjects: 0.157300 ms CreateObjectMapping: 0.051100 ms MarkObjects: 1.597800 ms  DeleteObjects: 0.089400 ms)

AssetImportParameters requested are different than current active one (requested -> active):
  custom:framework-win-MediaFoundation: 216162199b28c13a410421893ffa2e32 -> 
  custom:video-decoder-ogg-theora: a1e56fd34408186e4bbccfd4996cb3dc -> 
  custom:container-muxer-webm: aa71ff27fc2769a1b78a27578f13a17b -> 
  custom:container-demuxer-webm: 4f35f7cbe854078d1ac9338744f61a02 -> 
  custom:container-demuxer-ogg: 62fdf1f143b41e24485cea50d1cbac27 -> 
  custom:video-encoder-webm-vp8: eb34c28f22e8b96e1ab97ce403110664 -> 
  custom:video-decoder-webm-vp8: 9c59270c3fd7afecdb556c50c9e8de78 -> 
  custom:audio-decoder-ogg-vorbis: bf7c407c2cedff20999df2af8eb42d56 -> 
  custom:audio-encoder-webm-vorbis: bf7c407c2cedff20999df2af8eb42d56 -> 
========================================================================
Received Prepare
Registering precompiled user dll's ...
Registered in 0.002055 seconds.
Begin MonoManager ReloadAssembly
Native extension for WindowsStandalone target not found
Refreshing native plugins compatible for Editor in 0.30 ms, found 2 plugins.
Preloading 0 native plugins for Editor in 0.00 ms.
Mono: successfully reloaded assembly
- Completed reload, in  0.765 seconds
Platform modules already initialized, skipping
Refreshing native plugins compatible for Editor in 0.30 ms, found 2 plugins.
Preloading 0 native plugins for Editor in 0.00 ms.
Unloading 1530 Unused Serialized files (Serialized files now loaded: 0)
System memory in use before: 91.1 MB.
System memory in use after: 91.2 MB.

Unloading 15 unused Assets to reduce memory usage. Loaded Objects now: 2065.
Total: 1.706500 ms (FindLiveObjects: 0.139900 ms CreateObjectMapping: 0.045500 ms MarkObjects: 1.436700 ms  DeleteObjects: 0.083500 ms)

AssetImportParameters requested are different than current active one (requested -> active):
  custom:framework-win-MediaFoundation: 216162199b28c13a410421893ffa2e32 -> 
  custom:video-decoder-ogg-theora: a1e56fd34408186e4bbccfd4996cb3dc -> 
  custom:container-muxer-webm: aa71ff27fc2769a1b78a27578f13a17b -> 
  custom:container-demuxer-webm: 4f35f7cbe854078d1ac9338744f61a02 -> 
  custom:container-demuxer-ogg: 62fdf1f143b41e24485cea50d1cbac27 -> 
  custom:video-encoder-webm-vp8: eb34c28f22e8b96e1ab97ce403110664 -> 
  custom:video-decoder-webm-vp8: 9c59270c3fd7afecdb556c50c9e8de78 -> 
  custom:audio-decoder-ogg-vorbis: bf7c407c2cedff20999df2af8eb42d56 -> 
  custom:audio-encoder-webm-vorbis: bf7c407c2cedff20999df2af8eb42d56 -> 
========================================================================
Received Prepare
Registering precompiled user dll's ...
Registered in 0.002080 seconds.
Begin MonoManager ReloadAssembly
Native extension for WindowsStandalone target not found
Refreshing native plugins compatible for Editor in 0.30 ms, found 2 plugins.
Preloading 0 native plugins for Editor in 0.00 ms.
Mono: successfully reloaded assembly
- Completed reload, in  0.807 seconds
Platform modules already initialized, skipping
Refreshing native plugins compatible for Editor in 0.33 ms, found 2 plugins.
Preloading 0 native plugins for Editor in 0.00 ms.
Unloading 1530 Unused Serialized files (Serialized files now loaded: 0)
System memory in use before: 91.2 MB.
System memory in use after: 91.2 MB.

Unloading 15 unused Assets to reduce memory usage. Loaded Objects now: 2068.
Total: 1.959700 ms (FindLiveObjects: 0.144000 ms CreateObjectMapping: 0.045900 ms MarkObjects: 1.674700 ms  DeleteObjects: 0.094100 ms)

AssetImportParameters requested are different than current active one (requested -> active):
  custom:framework-win-MediaFoundation: 216162199b28c13a410421893ffa2e32 -> 
  custom:video-decoder-ogg-theora: a1e56fd34408186e4bbccfd4996cb3dc -> 
  custom:container-muxer-webm: aa71ff27fc2769a1b78a27578f13a17b -> 
  custom:container-demuxer-webm: 4f35f7cbe854078d1ac9338744f61a02 -> 
  custom:container-demuxer-ogg: 62fdf1f143b41e24485cea50d1cbac27 -> 
  custom:video-encoder-webm-vp8: eb34c28f22e8b96e1ab97ce403110664 -> 
  custom:video-decoder-webm-vp8: 9c59270c3fd7afecdb556c50c9e8de78 -> 
  custom:audio-decoder-ogg-vorbis: bf7c407c2cedff20999df2af8eb42d56 -> 
  custom:audio-encoder-webm-vorbis: bf7c407c2cedff20999df2af8eb42d56 -> 
========================================================================
Received Import Request.
  Time since last request: 1437.809095 seconds.
  path: Assets/MyAsset/Prefabs/Cannon-prefab.prefab
  artifactKey: Guid(f4b393b54b640044289a3b2ac970b636) Importer(815301076,1909f56bfc062723c751e8b465ee728b)
Start importing Assets/MyAsset/Prefabs/Cannon-prefab.prefab using Guid(f4b393b54b640044289a3b2ac970b636) Importer(815301076,1909f56bfc062723c751e8b465ee728b)  -> (artifact id: '4474f2f474d31344c8c8ddce8a3f05c3') in 0.061895 seconds 
  Import took 0.065172 seconds .

========================================================================
Received Import Request.
  Time since last request: 95.214436 seconds.
  path: Assets/MyAsset/Materials/canon/canon_barrel.mat
  artifactKey: Guid(af6b119d4ae102149857d61dc400474e) Importer(815301076,1909f56bfc062723c751e8b465ee728b)
Start importing Assets/MyAsset/Materials/canon/canon_barrel.mat using Guid(af6b119d4ae102149857d61dc400474e) Importer(815301076,1909f56bfc062723c751e8b465ee728b)  -> (artifact id: 'deb131830e880d8e7bbefb90d22dfc79') in 0.021204 seconds 
  Import took 0.023653 seconds .

========================================================================
Received Import Request.
  Time since last request: 0.000240 seconds.
  path: Assets/MyAsset/Materials/canon/canon_wheels.mat
  artifactKey: Guid(f12dbd1cd4903694cbba6ee86e70f70a) Importer(815301076,1909f56bfc062723c751e8b465ee728b)
Start importing Assets/MyAsset/Materials/canon/canon_wheels.mat using Guid(f12dbd1cd4903694cbba6ee86e70f70a) Importer(815301076,1909f56bfc062723c751e8b465ee728b)  -> (artifact id: 'dfb4a013e3cff115c298c019892ea55c') in 0.010821 seconds 
  Import took 0.013235 seconds .

========================================================================
Received Import Request.
  Time since last request: 0.000254 seconds.
  path: Assets/MyAsset/Materials/canon/canon_body.mat
  artifactKey: Guid(a0375c7452e49b34fb8b809120f36e8f) Importer(815301076,1909f56bfc062723c751e8b465ee728b)
Start importing Assets/MyAsset/Materials/canon/canon_body.mat using Guid(a0375c7452e49b34fb8b809120f36e8f) Importer(815301076,1909f56bfc062723c751e8b465ee728b)  -> (artifact id: 'd9028429a5f2bed9ee7983c7d2b26b50') in 0.027512 seconds 
  Import took 0.031278 seconds .

========================================================================
Received Import Request.
  Time since last request: 10.216600 seconds.
  path: Assets/MyAsset/Materials/cannon/cannon_barrel.mat
  artifactKey: Guid(af6b119d4ae102149857d61dc400474e) Importer(815301076,1909f56bfc062723c751e8b465ee728b)
Start importing Assets/MyAsset/Materials/cannon/cannon_barrel.mat using Guid(af6b119d4ae102149857d61dc400474e) Importer(815301076,1909f56bfc062723c751e8b465ee728b)  -> (artifact id: 'a07f90fc3a649f9ab126730eb2eabb1a') in 0.020951 seconds 
  Import took 0.023644 seconds .

========================================================================
Received Import Request.
  Time since last request: 3.460521 seconds.
  path: Assets/MyAsset/Materials/cannon/cannon_body.mat
  artifactKey: Guid(a0375c7452e49b34fb8b809120f36e8f) Importer(815301076,1909f56bfc062723c751e8b465ee728b)
Start importing Assets/MyAsset/Materials/cannon/cannon_body.mat using Guid(a0375c7452e49b34fb8b809120f36e8f) Importer(815301076,1909f56bfc062723c751e8b465ee728b)  -> (artifact id: 'f0dcd098c3495be095ada2abb8a26ba0') in 0.016796 seconds 
  Import took 0.019141 seconds .

========================================================================
Received Import Request.
  Time since last request: 3.741112 seconds.
  path: Assets/MyAsset/Materials/cannon/cannon_wheels.mat
  artifactKey: Guid(f12dbd1cd4903694cbba6ee86e70f70a) Importer(815301076,1909f56bfc062723c751e8b465ee728b)
Start importing Assets/MyAsset/Materials/cannon/cannon_wheels.mat using Guid(f12dbd1cd4903694cbba6ee86e70f70a) Importer(815301076,1909f56bfc062723c751e8b465ee728b)  -> (artifact id: 'dabe262834508db1d45928a3981cd514') in 0.016054 seconds 
  Import took 0.018499 seconds .

========================================================================
Received Import Request.
  Time since last request: 18.425244 seconds.
  path: Assets/MyAsset/Prefabs/CannonBall.prefab
  artifactKey: Guid(e23ae5e83ebe3de44911cc86bde662fe) Importer(815301076,1909f56bfc062723c751e8b465ee728b)
Start importing Assets/MyAsset/Prefabs/CannonBall.prefab using Guid(e23ae5e83ebe3de44911cc86bde662fe) Importer(815301076,1909f56bfc062723c751e8b465ee728b)  -> (artifact id: 'd1a9f4661d4e574fc32561aa340c5b05') in 0.009977 seconds 
  Import took 0.012700 seconds .

========================================================================
Received Import Request.
  Time since last request: 0.008294 seconds.
  path: Assets/MyAsset/Prefabs/CannonBall.prefab
  artifactKey: Guid(e23ae5e83ebe3de44911cc86bde662fe) Importer(815301076,1909f56bfc062723c751e8b465ee728b)
Start importing Assets/MyAsset/Prefabs/CannonBall.prefab using Guid(e23ae5e83ebe3de44911cc86bde662fe) Importer(815301076,1909f56bfc062723c751e8b465ee728b)  -> (artifact id: 'd1a9f4661d4e574fc32561aa340c5b05') in 0.015730 seconds 
  Import took 0.018970 seconds .

========================================================================
Received Import Request.
  Time since last request: 1593.005447 seconds.
  path: Assets/MyAsset/Materials/glass.mat
  artifactKey: Guid(fb528db389fceee469ca9c245e7b82be) Importer(815301076,1909f56bfc062723c751e8b465ee728b)
Start importing Assets/MyAsset/Materials/glass.mat using Guid(fb528db389fceee469ca9c245e7b82be) Importer(815301076,1909f56bfc062723c751e8b465ee728b)  -> (artifact id: '281dbca1949154b2b1a192e00d7e74cf') in 0.022937 seconds 
  Import took 0.026235 seconds .

========================================================================
Received Import Request.
  Time since last request: 0.000249 seconds.
  path: Assets/MyAsset/Materials/metal.mat
  artifactKey: Guid(e151f01efce116a45bd617d8b7f8180b) Importer(815301076,1909f56bfc062723c751e8b465ee728b)
Start importing Assets/MyAsset/Materials/metal.mat using Guid(e151f01efce116a45bd617d8b7f8180b) Importer(815301076,1909f56bfc062723c751e8b465ee728b)  -> (artifact id: '2dcf67ed66ad36cbc1c00c88dd119b00') in 0.009529 seconds 
  Import took 0.011685 seconds .

========================================================================
Received Import Request.
  Time since last request: 6.423486 seconds.
  path: Assets/MyAsset/Materials/billboard
  artifactKey: Guid(33fd86487979ed54699dfb226681801e) Importer(815301076,1909f56bfc062723c751e8b465ee728b)
Start importing Assets/MyAsset/Materials/billboard using Guid(33fd86487979ed54699dfb226681801e) Importer(815301076,1909f56bfc062723c751e8b465ee728b)  -> (artifact id: '0e92f75d354b9ed9cb69eb5d541835a8') in 0.007778 seconds 
  Import took 0.010477 seconds .

========================================================================
Received Import Request.
  Time since last request: 16.007685 seconds.
  path: Assets/MyAsset/Materials/billboard/billboard_cannonball.mat
  artifactKey: Guid(2081b332c3fd1e94bb8de2ea38ffa009) Importer(815301076,1909f56bfc062723c751e8b465ee728b)
Start importing Assets/MyAsset/Materials/billboard/billboard_cannonball.mat using Guid(2081b332c3fd1e94bb8de2ea38ffa009) Importer(815301076,1909f56bfc062723c751e8b465ee728b)  -> (artifact id: '8e9683b0c5ab9c8551d1427fb93baf71') in 0.023109 seconds 
  Import took 0.025498 seconds .

========================================================================
Received Import Request.
  Time since last request: 127.640869 seconds.
  path: Assets/images/billboard-01.png
  artifactKey: Guid(cd75114865743c94396ed324c67d1cb2) Importer(815301076,1909f56bfc062723c751e8b465ee728b)
Start importing Assets/images/billboard-01.png using Guid(cd75114865743c94396ed324c67d1cb2) Importer(815301076,1909f56bfc062723c751e8b465ee728b)  -> (artifact id: '984c3afec4c83abf673ea6e73ce48deb') in 0.017989 seconds 
  Import took 0.020839 seconds .

========================================================================
Received Import Request.
  Time since last request: 0.006076 seconds.
  path: Assets/images/billboard-01.png
  artifactKey: Guid(cd75114865743c94396ed324c67d1cb2) Importer(815301076,1909f56bfc062723c751e8b465ee728b)
Start importing Assets/images/billboard-01.png using Guid(cd75114865743c94396ed324c67d1cb2) Importer(815301076,1909f56bfc062723c751e8b465ee728b)  -> (artifact id: '984c3afec4c83abf673ea6e73ce48deb') in 0.026673 seconds 
  Import took 0.030208 seconds .

========================================================================
Received Import Request.
  Time since last request: 19.835254 seconds.
  path: Assets/images
  artifactKey: Guid(f2a2874a22160ee4090cf577a09c0a92) Importer(815301076,1909f56bfc062723c751e8b465ee728b)
Start importing Assets/images using Guid(f2a2874a22160ee4090cf577a09c0a92) Importer(815301076,1909f56bfc062723c751e8b465ee728b)  -> (artifact id: '7f887af4126cd2a3c15916316e80e7d2') in 0.006579 seconds 
  Import took 0.009687 seconds .

========================================================================
Received Import Request.
  Time since last request: 313.259504 seconds.
  path: Assets/MyAsset/Materials/billboard/billboard_body.mat
  artifactKey: Guid(51ea210dbbb35a94a8ff0b9deb33703e) Importer(815301076,1909f56bfc062723c751e8b465ee728b)
Start importing Assets/MyAsset/Materials/billboard/billboard_body.mat using Guid(51ea210dbbb35a94a8ff0b9deb33703e) Importer(815301076,1909f56bfc062723c751e8b465ee728b)  -> (artifact id: 'a775adc054f2f873a067c75020ec816f') in 0.020918 seconds 
  Import took 0.023677 seconds .

========================================================================
Received Import Request.
  Time since last request: 125.154151 seconds.
  path: Assets/MyAsset/Prefabs/Billboard.prefab
  artifactKey: Guid(54b9c4ae1b62e23478dfa7b2de0f5b95) Importer(815301076,1909f56bfc062723c751e8b465ee728b)
Start importing Assets/MyAsset/Prefabs/Billboard.prefab using Guid(54b9c4ae1b62e23478dfa7b2de0f5b95) Importer(815301076,1909f56bfc062723c751e8b465ee728b)  -> (artifact id: '93c7830a16afac59f93832ba823f45d3') in 0.015893 seconds 
  Import took 0.018898 seconds .

========================================================================
Received Import Request.
  Time since last request: 0.001504 seconds.
  path: Assets/MyAsset/Prefabs/Billboard.prefab
  artifactKey: Guid(54b9c4ae1b62e23478dfa7b2de0f5b95) Importer(815301076,1909f56bfc062723c751e8b465ee728b)
Start importing Assets/MyAsset/Prefabs/Billboard.prefab using Guid(54b9c4ae1b62e23478dfa7b2de0f5b95) Importer(815301076,1909f56bfc062723c751e8b465ee728b)  -> (artifact id: '93c7830a16afac59f93832ba823f45d3') in 0.015521 seconds 
  Import took 0.018042 seconds .

========================================================================
Received Import Request.
  Time since last request: 8.330223 seconds.
  path: Assets/MyAsset/Prefabs/Billboard-Prefab.prefab
  artifactKey: Guid(54b9c4ae1b62e23478dfa7b2de0f5b95) Importer(815301076,1909f56bfc062723c751e8b465ee728b)
Start importing Assets/MyAsset/Prefabs/Billboard-Prefab.prefab using Guid(54b9c4ae1b62e23478dfa7b2de0f5b95) Importer(815301076,1909f56bfc062723c751e8b465ee728b)  -> (artifact id: '278d63da97b31a7d7adc1562aa1668f0') in 0.017103 seconds 
  Import took 0.019992 seconds .

========================================================================
Received Import Request.
  Time since last request: 2971.266056 seconds.
  path: Assets/images/billboard-01.png
  artifactKey: Guid(cd75114865743c94396ed324c67d1cb2) Importer(815301076,1909f56bfc062723c751e8b465ee728b)
Start importing Assets/images/billboard-01.png using Guid(cd75114865743c94396ed324c67d1cb2) Importer(815301076,1909f56bfc062723c751e8b465ee728b)  -> (artifact id: '1aad88aeaf87d45b8ecdd15af9cdd6e7') in 0.033176 seconds 
  Import took 0.036423 seconds .

========================================================================
Received Import Request.
  Time since last request: 0.004362 seconds.
  path: Assets/images/billboard-01.png
  artifactKey: Guid(cd75114865743c94396ed324c67d1cb2) Importer(815301076,1909f56bfc062723c751e8b465ee728b)
Start importing Assets/images/billboard-01.png using Guid(cd75114865743c94396ed324c67d1cb2) Importer(815301076,1909f56bfc062723c751e8b465ee728b)  -> (artifact id: '1aad88aeaf87d45b8ecdd15af9cdd6e7') in 0.009826 seconds 
  Import took 0.012892 seconds .

========================================================================
Received Import Request.
  Time since last request: 8.226605 seconds.
  path: Assets/MyAsset/Materials/billboard/billboard_body.mat
  artifactKey: Guid(51ea210dbbb35a94a8ff0b9deb33703e) Importer(815301076,1909f56bfc062723c751e8b465ee728b)
Start importing Assets/MyAsset/Materials/billboard/billboard_body.mat using Guid(51ea210dbbb35a94a8ff0b9deb33703e) Importer(815301076,1909f56bfc062723c751e8b465ee728b)  -> (artifact id: '540ec2310a737a3e67c4ddc340ba628f') in 0.024293 seconds 
  Import took 0.027027 seconds .

========================================================================
Received Import Request.
  Time since last request: 0.000233 seconds.
  path: Assets/MyAsset/Materials/billboard/billboard_cannonball.mat
  artifactKey: Guid(2081b332c3fd1e94bb8de2ea38ffa009) Importer(815301076,1909f56bfc062723c751e8b465ee728b)
Start importing Assets/MyAsset/Materials/billboard/billboard_cannonball.mat using Guid(2081b332c3fd1e94bb8de2ea38ffa009) Importer(815301076,1909f56bfc062723c751e8b465ee728b)  -> (artifact id: '1a972acd5028158ada0bfa67d039a8d8') in 0.047109 seconds 
  Import took 0.049245 seconds .

========================================================================
Received Import Request.
  Time since last request: 26.198809 seconds.
  path: Assets/MyAsset/Materials/billboard/billboard_bulldozer.mat
  artifactKey: Guid(efef171b0975c4e488ae2b27498afab4) Importer(815301076,1909f56bfc062723c751e8b465ee728b)
Start importing Assets/MyAsset/Materials/billboard/billboard_bulldozer.mat using Guid(efef171b0975c4e488ae2b27498afab4) Importer(815301076,1909f56bfc062723c751e8b465ee728b)  -> (artifact id: '12e55479e412d4ebb8eadfbdfcf6f8b4') in 0.019357 seconds 
  Import took 0.021724 seconds .

========================================================================
Received Import Request.
  Time since last request: 6.240066 seconds.
  path: Assets/images/billboard-02.png
  artifactKey: Guid(4ffc99018f69ffa4a94548cefbc7686d) Importer(815301076,1909f56bfc062723c751e8b465ee728b)
Start importing Assets/images/billboard-02.png using Guid(4ffc99018f69ffa4a94548cefbc7686d) Importer(815301076,1909f56bfc062723c751e8b465ee728b)  -> (artifact id: '06494112a225311102ef72743a66f5d3') in 0.012660 seconds 
  Import took 0.015421 seconds .

========================================================================
Received Import Request.
  Time since last request: 0.002186 seconds.
  path: Assets/images/billboard-02.png
  artifactKey: Guid(4ffc99018f69ffa4a94548cefbc7686d) Importer(815301076,1909f56bfc062723c751e8b465ee728b)
Start importing Assets/images/billboard-02.png using Guid(4ffc99018f69ffa4a94548cefbc7686d) Importer(815301076,1909f56bfc062723c751e8b465ee728b)  -> (artifact id: '06494112a225311102ef72743a66f5d3') in 0.009650 seconds 
  Import took 0.012385 seconds .

========================================================================
Received Import Request.
  Time since last request: 11.093347 seconds.
  path: Assets/MyAsset/Materials/bulldozer
  artifactKey: Guid(7820802c64ac3474a9df5cdb045516ce) Importer(815301076,1909f56bfc062723c751e8b465ee728b)
Start importing Assets/MyAsset/Materials/bulldozer using Guid(7820802c64ac3474a9df5cdb045516ce) Importer(815301076,1909f56bfc062723c751e8b465ee728b)  -> (artifact id: '665acd39c90978d7c8021cfb92108f9e') in 0.007655 seconds 
  Import took 0.010940 seconds .

========================================================================
Received Import Request.
  Time since last request: 0.043242 seconds.
  path: Assets/MyAsset/Materials/bulldozer/bulldozer_blade.mat
  artifactKey: Guid(a72163f4b5751fc4582fd0e89db4ae4e) Importer(815301076,1909f56bfc062723c751e8b465ee728b)
Start importing Assets/MyAsset/Materials/bulldozer/bulldozer_blade.mat using Guid(a72163f4b5751fc4582fd0e89db4ae4e) Importer(815301076,1909f56bfc062723c751e8b465ee728b)  -> (artifact id: '9bcf11aeab85271e3441f71e86122914') in 0.009899 seconds 
  Import took 0.012224 seconds .

========================================================================
Received Import Request.
  Time since last request: 0.000221 seconds.
  path: Assets/MyAsset/Materials/bulldozer/bulldozer_tank.mat
  artifactKey: Guid(e5af458e3fde2a741aaf9ee740f9a7eb) Importer(815301076,1909f56bfc062723c751e8b465ee728b)
Start importing Assets/MyAsset/Materials/bulldozer/bulldozer_tank.mat using Guid(e5af458e3fde2a741aaf9ee740f9a7eb) Importer(815301076,1909f56bfc062723c751e8b465ee728b)  -> (artifact id: '363536ef0aab5ff333089fe8ff61732b') in 0.009805 seconds 
  Import took 0.011947 seconds .

========================================================================
Received Import Request.
  Time since last request: 0.000258 seconds.
  path: Assets/MyAsset/Materials/bulldozer/bulldozer_bottom.mat
  artifactKey: Guid(219af501e2f11c5438a46c0d5b49a76b) Importer(815301076,1909f56bfc062723c751e8b465ee728b)
Start importing Assets/MyAsset/Materials/bulldozer/bulldozer_bottom.mat using Guid(219af501e2f11c5438a46c0d5b49a76b) Importer(815301076,1909f56bfc062723c751e8b465ee728b)  -> (artifact id: '1b0531be5a21e16dba995985fe513a6e') in 0.029298 seconds 
  Import took 0.031820 seconds .

========================================================================
Received Import Request.
  Time since last request: 0.000261 seconds.
  path: Assets/MyAsset/Materials/bulldozer/bulldozer_body.mat
  artifactKey: Guid(f07d3a31bb27f4543a29a033a75695c2) Importer(815301076,1909f56bfc062723c751e8b465ee728b)
Start importing Assets/MyAsset/Materials/bulldozer/bulldozer_body.mat using Guid(f07d3a31bb27f4543a29a033a75695c2) Importer(815301076,1909f56bfc062723c751e8b465ee728b)  -> (artifact id: '2b884a186605b9ef2de89c3530a5c9b5') in 0.020015 seconds 
  Import took 0.022789 seconds .

========================================================================
Received Import Request.
  Time since last request: 0.000255 seconds.
  path: Assets/MyAsset/Materials/bulldozer/bulldozer_rollers.mat
  artifactKey: Guid(b9a912d09ba0f8b4c8e53ca92be53f45) Importer(815301076,1909f56bfc062723c751e8b465ee728b)
Start importing Assets/MyAsset/Materials/bulldozer/bulldozer_rollers.mat using Guid(b9a912d09ba0f8b4c8e53ca92be53f45) Importer(815301076,1909f56bfc062723c751e8b465ee728b)  -> (artifact id: '2f1dcc184d8f30fe63cb3117d8b7db2f') in 0.025302 seconds 
  Import took 0.028296 seconds .

========================================================================
Received Import Request.
  Time since last request: 39.533293 seconds.
  path: Assets/MyAsset/Prefabs/Billboard-Prefab Variant.prefab
  artifactKey: Guid(40b2ee2604e9c6c4e8f1830fbd17f0b4) Importer(815301076,1909f56bfc062723c751e8b465ee728b)
Start importing Assets/MyAsset/Prefabs/Billboard-Prefab Variant.prefab using Guid(40b2ee2604e9c6c4e8f1830fbd17f0b4) Importer(815301076,1909f56bfc062723c751e8b465ee728b)  -> (artifact id: '4b4091361eea36dc860b51bb0707b912') in 0.017637 seconds 
  Import took 0.020583 seconds .

========================================================================
Received Import Request.
  Time since last request: 0.001992 seconds.
  path: Assets/MyAsset/Prefabs/Billboard-Prefab Variant.prefab
  artifactKey: Guid(40b2ee2604e9c6c4e8f1830fbd17f0b4) Importer(815301076,1909f56bfc062723c751e8b465ee728b)
Start importing Assets/MyAsset/Prefabs/Billboard-Prefab Variant.prefab using Guid(40b2ee2604e9c6c4e8f1830fbd17f0b4) Importer(815301076,1909f56bfc062723c751e8b465ee728b)  -> (artifact id: '4b4091361eea36dc860b51bb0707b912') in 0.016662 seconds 
  Import took 0.019420 seconds .

========================================================================
Received Import Request.
  Time since last request: 19.419899 seconds.
  path: Assets/MyAsset/Prefabs/Billboard-bulldozer Variant.prefab
  artifactKey: Guid(40b2ee2604e9c6c4e8f1830fbd17f0b4) Importer(815301076,1909f56bfc062723c751e8b465ee728b)
Start importing Assets/MyAsset/Prefabs/Billboard-bulldozer Variant.prefab using Guid(40b2ee2604e9c6c4e8f1830fbd17f0b4) Importer(815301076,1909f56bfc062723c751e8b465ee728b)  -> (artifact id: '9983ac2837af0f1dc6540941937c8eeb') in 0.021259 seconds 
  Import took 0.023807 seconds .

========================================================================
Received Import Request.
  Time since last request: 1215.924020 seconds.
  path: Assets/MyAsset/Materials/bucket/bucket.mat
  artifactKey: Guid(2c7669d910f5e794888d6a96df6024f2) Importer(815301076,1909f56bfc062723c751e8b465ee728b)
Start importing Assets/MyAsset/Materials/bucket/bucket.mat using Guid(2c7669d910f5e794888d6a96df6024f2) Importer(815301076,1909f56bfc062723c751e8b465ee728b)  -> (artifact id: '10bfbfb1888a2e73cf163e6380d4dc3a') in 0.010844 seconds 
  Import took 0.013611 seconds .

========================================================================
Received Import Request.
  Time since last request: 0.000244 seconds.
  path: Assets/MyAsset/Materials/bucket/rake.mat
  artifactKey: Guid(c83ebb2148cdaa145b6a5f6b811b5d48) Importer(815301076,1909f56bfc062723c751e8b465ee728b)
Start importing Assets/MyAsset/Materials/bucket/rake.mat using Guid(c83ebb2148cdaa145b6a5f6b811b5d48) Importer(815301076,1909f56bfc062723c751e8b465ee728b)  -> (artifact id: 'ede50922144ab76ae80dfe02b461506b') in 0.008931 seconds 
  Import took 0.011469 seconds .

========================================================================
Received Import Request.
  Time since last request: 0.000200 seconds.
  path: Assets/MyAsset/Materials/bucket/shovel.mat
  artifactKey: Guid(2d63ae23b058ada4c86811034d8b5f9c) Importer(815301076,1909f56bfc062723c751e8b465ee728b)
Start importing Assets/MyAsset/Materials/bucket/shovel.mat using Guid(2d63ae23b058ada4c86811034d8b5f9c) Importer(815301076,1909f56bfc062723c751e8b465ee728b)  -> (artifact id: '6be7fd4dfd7b11abd0bd9cf4a0f4b26d') in 0.026315 seconds 
  Import took 0.029439 seconds .

========================================================================
Received Import Request.
  Time since last request: 5.662430 seconds.
  path: Assets/MyAsset/Materials/billboard/billboard_bulldozer.mat
  artifactKey: Guid(efef171b0975c4e488ae2b27498afab4) Importer(815301076,1909f56bfc062723c751e8b465ee728b)
Start importing Assets/MyAsset/Materials/billboard/billboard_bulldozer.mat using Guid(efef171b0975c4e488ae2b27498afab4) Importer(815301076,1909f56bfc062723c751e8b465ee728b)  -> (artifact id: '79b680b2dffac2c3aa93af53974566c5') in 0.022450 seconds 
  Import took 0.025542 seconds .

========================================================================
Received Import Request.
  Time since last request: 11.223939 seconds.
  path: Assets/MyAsset/Materials/billboard/billboard_exit.mat
  artifactKey: Guid(35cdacb1f5d28b44484bdcd9c1ed563a) Importer(815301076,1909f56bfc062723c751e8b465ee728b)
Start importing Assets/MyAsset/Materials/billboard/billboard_exit.mat using Guid(35cdacb1f5d28b44484bdcd9c1ed563a) Importer(815301076,1909f56bfc062723c751e8b465ee728b)  -> (artifact id: '624609946b32650946bf609fb083d7c9') in 0.020603 seconds 
  Import took 0.023078 seconds .

========================================================================
Received Import Request.
  Time since last request: 2.268179 seconds.
  path: Assets/images/billboard-03.png
  artifactKey: Guid(9586e97f76a60ce4caede2b3ec5417f6) Importer(815301076,1909f56bfc062723c751e8b465ee728b)
Start importing Assets/images/billboard-03.png using Guid(9586e97f76a60ce4caede2b3ec5417f6) Importer(815301076,1909f56bfc062723c751e8b465ee728b)  -> (artifact id: '2151f02c66b34a63a12e71a1270a3555') in 0.009909 seconds 
  Import took 0.012752 seconds .

========================================================================
Received Import Request.
  Time since last request: 34.757897 seconds.
  path: Assets/MyAsset/Prefabs/Billboard-Prefab Variant.prefab
  artifactKey: Guid(8d83605e6f4c8874d8cb368ffae8a464) Importer(815301076,1909f56bfc062723c751e8b465ee728b)
Start importing Assets/MyAsset/Prefabs/Billboard-Prefab Variant.prefab using Guid(8d83605e6f4c8874d8cb368ffae8a464) Importer(815301076,1909f56bfc062723c751e8b465ee728b)  -> (artifact id: 'afe386c3e06abc12237320e38d85ab34') in 0.011524 seconds 
  Import took 0.014152 seconds .

========================================================================
Received Import Request.
  Time since last request: 0.006244 seconds.
  path: Assets/MyAsset/Prefabs/Billboard-Prefab Variant.prefab
  artifactKey: Guid(8d83605e6f4c8874d8cb368ffae8a464) Importer(815301076,1909f56bfc062723c751e8b465ee728b)
Start importing Assets/MyAsset/Prefabs/Billboard-Prefab Variant.prefab using Guid(8d83605e6f4c8874d8cb368ffae8a464) Importer(815301076,1909f56bfc062723c751e8b465ee728b)  -> (artifact id: 'afe386c3e06abc12237320e38d85ab34') in 0.008612 seconds 
  Import took 0.011200 seconds .

========================================================================
Received Import Request.
  Time since last request: 28.246563 seconds.
  path: Assets/MyAsset/Prefabs/Billboard-exit Variant.prefab
  artifactKey: Guid(8d83605e6f4c8874d8cb368ffae8a464) Importer(815301076,1909f56bfc062723c751e8b465ee728b)
Start importing Assets/MyAsset/Prefabs/Billboard-exit Variant.prefab using Guid(8d83605e6f4c8874d8cb368ffae8a464) Importer(815301076,1909f56bfc062723c751e8b465ee728b)  -> (artifact id: '8f94697e3b6ad1bb91abb6d809ff1e49') in 0.016938 seconds 
  Import took 0.019967 seconds .

========================================================================
Received Import Request.
  Time since last request: 21.813743 seconds.
  path: Assets/MyAsset/Prefabs/Billboard_exit-Prefab Variant.prefab
  artifactKey: Guid(8d83605e6f4c8874d8cb368ffae8a464) Importer(815301076,1909f56bfc062723c751e8b465ee728b)
Start importing Assets/MyAsset/Prefabs/Billboard_exit-Prefab Variant.prefab using Guid(8d83605e6f4c8874d8cb368ffae8a464) Importer(815301076,1909f56bfc062723c751e8b465ee728b)  -> (artifact id: '819536f076e9ff7a7c41f4a95c60b692') in 0.019064 seconds 
  Import took 0.022227 seconds .

========================================================================
Received Import Request.
  Time since last request: 23.056805 seconds.
  path: Assets/MyAsset/Prefabs/Billboard-bulldozer-prefab Variant.prefab
  artifactKey: Guid(40b2ee2604e9c6c4e8f1830fbd17f0b4) Importer(815301076,1909f56bfc062723c751e8b465ee728b)
Start importing Assets/MyAsset/Prefabs/Billboard-bulldozer-prefab Variant.prefab using Guid(40b2ee2604e9c6c4e8f1830fbd17f0b4) Importer(815301076,1909f56bfc062723c751e8b465ee728b)  -> (artifact id: 'd9a84db790915c39cb814beea1877c81') in 0.019607 seconds 
  Import took 0.022875 seconds .

========================================================================
Received Import Request.
  Time since last request: 10.909710 seconds.
  path: Assets/MyAsset/Prefabs/Billboard_bulldozer-Prefab Variant.prefab
  artifactKey: Guid(40b2ee2604e9c6c4e8f1830fbd17f0b4) Importer(815301076,1909f56bfc062723c751e8b465ee728b)
Start importing Assets/MyAsset/Prefabs/Billboard_bulldozer-Prefab Variant.prefab using Guid(40b2ee2604e9c6c4e8f1830fbd17f0b4) Importer(815301076,1909f56bfc062723c751e8b465ee728b)  -> (artifact id: 'c2757152ff08047a799474e261edef26') in 0.016158 seconds 
  Import took 0.019466 seconds .

========================================================================
Received Import Request.
  Time since last request: 0.003802 seconds.
  path: Assets/MyAsset/Prefabs/Billboard_bulldozer-Prefab Variant.prefab
  artifactKey: Guid(40b2ee2604e9c6c4e8f1830fbd17f0b4) Importer(815301076,1909f56bfc062723c751e8b465ee728b)
Start importing Assets/MyAsset/Prefabs/Billboard_bulldozer-Prefab Variant.prefab using Guid(40b2ee2604e9c6c4e8f1830fbd17f0b4) Importer(815301076,1909f56bfc062723c751e8b465ee728b)  -> (artifact id: 'c2757152ff08047a799474e261edef26') in 0.016426 seconds 
  Import took 0.019484 seconds .

AssetImportWorkerClient::OnTransportError - code=2 error=End of file
